[2022-05-21 20:31:41] local.ERROR: SQLSTATE[23000]: Integrity constraint violation: 1451 Cannot delete or update a parent row: a foreign key constraint fails (`study_vita`.`opportunity_product`, CONSTRAINT `opportunity_product_product_id_foreign` FOREIGN KEY (`product_id`) REFERENCES `product` (`id`)) (SQL: delete from `product` where `id` = 11) {"exception":"[object] (Illuminate\\Database\\QueryException(code: 23000): SQLSTATE[23000]: Integrity constraint violation: 1451 Cannot delete or update a parent row: a foreign key constraint fails (`study_vita`.`opportunity_product`, CONSTRAINT `opportunity_product_product_id_foreign` FOREIGN KEY (`product_id`) REFERENCES `product` (`id`)) (SQL: delete from `product` where `id` = 11) at /var/www/studyAndTests/study-vita/backend-laravel/vendor/laravel/framework/src/Illuminate/Database/Connection.php:742)
[stacktrace]
#0 /var/www/studyAndTests/study-vita/backend-laravel/vendor/laravel/framework/src/Illuminate/Database/Connection.php(702): Illuminate\\Database\\Connection->runQueryCallback('delete from `pr...', Array, Object(Closure))
#1 /var/www/studyAndTests/study-vita/backend-laravel/vendor/laravel/framework/src/Illuminate/Database/Connection.php(559): Illuminate\\Database\\Connection->run('delete from `pr...', Array, Object(Closure))
#2 /var/www/studyAndTests/study-vita/backend-laravel/vendor/laravel/framework/src/Illuminate/Database/Connection.php(504): Illuminate\\Database\\Connection->affectingStatement('delete from `pr...', Array)
#3 /var/www/studyAndTests/study-vita/backend-laravel/vendor/laravel/framework/src/Illuminate/Database/Query/Builder.php(3434): Illuminate\\Database\\Connection->delete('delete from `pr...', Array)
#4 /var/www/studyAndTests/study-vita/backend-laravel/vendor/laravel/framework/src/Illuminate/Database/Eloquent/Builder.php(1149): Illuminate\\Database\\Query\\Builder->delete()
#5 /var/www/studyAndTests/study-vita/backend-laravel/vendor/laravel/framework/src/Illuminate/Database/Eloquent/Model.php(1341): Illuminate\\Database\\Eloquent\\Builder->delete()
#6 /var/www/studyAndTests/study-vita/backend-laravel/vendor/laravel/framework/src/Illuminate/Database/Eloquent/Model.php(1294): Illuminate\\Database\\Eloquent\\Model->performDeleteOnModel()
#7 /var/www/studyAndTests/study-vita/backend-laravel/app/Repositories/BaseRepository.php(33): Illuminate\\Database\\Eloquent\\Model->delete()
#8 /var/www/studyAndTests/study-vita/backend-laravel/app/Repositories/BaseRepository.php(40): App\\Repositories\\BaseRepository->App\\Repositories\\{closure}(11)
#9 /var/www/studyAndTests/study-vita/backend-laravel/app/Services/Product/ProductService.php(22): App\\Repositories\\BaseRepository->destroy(11)
#10 /var/www/studyAndTests/study-vita/backend-laravel/app/Http/Controllers/Api/Product/ProductController.php(21): App\\Services\\Product\\ProductService->destroy(11)
#11 /var/www/studyAndTests/study-vita/backend-laravel/vendor/laravel/framework/src/Illuminate/Routing/Controller.php(54): App\\Http\\Controllers\\Api\\Product\\ProductController->destroy(11)
#12 /var/www/studyAndTests/study-vita/backend-laravel/vendor/laravel/framework/src/Illuminate/Routing/ControllerDispatcher.php(45): Illuminate\\Routing\\Controller->callAction('destroy', Array)
#13 /var/www/studyAndTests/study-vita/backend-laravel/vendor/laravel/framework/src/Illuminate/Routing/Route.php(261): Illuminate\\Routing\\ControllerDispatcher->dispatch(Object(Illuminate\\Routing\\Route), Object(App\\Http\\Controllers\\Api\\Product\\ProductController), 'destroy')
#14 /var/www/studyAndTests/study-vita/backend-laravel/vendor/laravel/framework/src/Illuminate/Routing/Route.php(204): Illuminate\\Routing\\Route->runController()
#15 /var/www/studyAndTests/study-vita/backend-laravel/vendor/laravel/framework/src/Illuminate/Routing/Router.php(725): Illuminate\\Routing\\Route->run()
#16 /var/www/studyAndTests/study-vita/backend-laravel/vendor/laravel/framework/src/Illuminate/Pipeline/Pipeline.php(141): Illuminate\\Routing\\Router->Illuminate\\Routing\\{closure}(Object(Illuminate\\Http\\Request))
#17 /var/www/studyAndTests/study-vita/backend-laravel/vendor/laravel/framework/src/Illuminate/Routing/Middleware/SubstituteBindings.php(50): Illuminate\\Pipeline\\Pipeline->Illuminate\\Pipeline\\{closure}(Object(Illuminate\\Http\\Request))
#18 /var/www/studyAndTests/study-vita/backend-laravel/vendor/laravel/framework/src/Illuminate/Pipeline/Pipeline.php(180): Illuminate\\Routing\\Middleware\\SubstituteBindings->handle(Object(Illuminate\\Http\\Request), Object(Closure))
#19 /var/www/studyAndTests/study-vita/backend-laravel/app/Http/Middleware/Locale.php(21): Illuminate\\Pipeline\\Pipeline->Illuminate\\Pipeline\\{closure}(Object(Illuminate\\Http\\Request))
#20 /var/www/studyAndTests/study-vita/backend-laravel/vendor/laravel/framework/src/Illuminate/Pipeline/Pipeline.php(180): App\\Http\\Middleware\\Locale->handle(Object(Illuminate\\Http\\Request), Object(Closure))
#21 /var/www/studyAndTests/study-vita/backend-laravel/vendor/laravel/framework/src/Illuminate/Routing/Middleware/ThrottleRequests.php(126): Illuminate\\Pipeline\\Pipeline->Illuminate\\Pipeline\\{closure}(Object(Illuminate\\Http\\Request))
#22 /var/www/studyAndTests/study-vita/backend-laravel/vendor/laravel/framework/src/Illuminate/Routing/Middleware/ThrottleRequests.php(102): Illuminate\\Routing\\Middleware\\ThrottleRequests->handleRequest(Object(Illuminate\\Http\\Request), Object(Closure), Array)
#23 /var/www/studyAndTests/study-vita/backend-laravel/vendor/laravel/framework/src/Illuminate/Routing/Middleware/ThrottleRequests.php(54): Illuminate\\Routing\\Middleware\\ThrottleRequests->handleRequestUsingNamedLimiter(Object(Illuminate\\Http\\Request), Object(Closure), 'api', Object(Closure))
#24 /var/www/studyAndTests/study-vita/backend-laravel/vendor/laravel/framework/src/Illuminate/Pipeline/Pipeline.php(180): Illuminate\\Routing\\Middleware\\ThrottleRequests->handle(Object(Illuminate\\Http\\Request), Object(Closure), 'api')
#25 /var/www/studyAndTests/study-vita/backend-laravel/vendor/laravel/framework/src/Illuminate/Pipeline/Pipeline.php(116): Illuminate\\Pipeline\\Pipeline->Illuminate\\Pipeline\\{closure}(Object(Illuminate\\Http\\Request))
#26 /var/www/studyAndTests/study-vita/backend-laravel/vendor/laravel/framework/src/Illuminate/Routing/Router.php(726): Illuminate\\Pipeline\\Pipeline->then(Object(Closure))
#27 /var/www/studyAndTests/study-vita/backend-laravel/vendor/laravel/framework/src/Illuminate/Routing/Router.php(703): Illuminate\\Routing\\Router->runRouteWithinStack(Object(Illuminate\\Routing\\Route), Object(Illuminate\\Http\\Request))
#28 /var/www/studyAndTests/study-vita/backend-laravel/vendor/laravel/framework/src/Illuminate/Routing/Router.php(667): Illuminate\\Routing\\Router->runRoute(Object(Illuminate\\Http\\Request), Object(Illuminate\\Routing\\Route))
#29 /var/www/studyAndTests/study-vita/backend-laravel/vendor/laravel/framework/src/Illuminate/Routing/Router.php(656): Illuminate\\Routing\\Router->dispatchToRoute(Object(Illuminate\\Http\\Request))
#30 /var/www/studyAndTests/study-vita/backend-laravel/vendor/laravel/framework/src/Illuminate/Foundation/Http/Kernel.php(167): Illuminate\\Routing\\Router->dispatch(Object(Illuminate\\Http\\Request))
#31 /var/www/studyAndTests/study-vita/backend-laravel/vendor/laravel/framework/src/Illuminate/Pipeline/Pipeline.php(141): Illuminate\\Foundation\\Http\\Kernel->Illuminate\\Foundation\\Http\\{closure}(Object(Illuminate\\Http\\Request))
#32 /var/www/studyAndTests/study-vita/backend-laravel/vendor/laravel/framework/src/Illuminate/Foundation/Http/Middleware/TransformsRequest.php(21): Illuminate\\Pipeline\\Pipeline->Illuminate\\Pipeline\\{closure}(Object(Illuminate\\Http\\Request))
#33 /var/www/studyAndTests/study-vita/backend-laravel/vendor/laravel/framework/src/Illuminate/Foundation/Http/Middleware/ConvertEmptyStringsToNull.php(31): Illuminate\\Foundation\\Http\\Middleware\\TransformsRequest->handle(Object(Illuminate\\Http\\Request), Object(Closure))
#34 /var/www/studyAndTests/study-vita/backend-laravel/vendor/laravel/framework/src/Illuminate/Pipeline/Pipeline.php(180): Illuminate\\Foundation\\Http\\Middleware\\ConvertEmptyStringsToNull->handle(Object(Illuminate\\Http\\Request), Object(Closure))
#35 /var/www/studyAndTests/study-vita/backend-laravel/vendor/laravel/framework/src/Illuminate/Foundation/Http/Middleware/TransformsRequest.php(21): Illuminate\\Pipeline\\Pipeline->Illuminate\\Pipeline\\{closure}(Object(Illuminate\\Http\\Request))
#36 /var/www/studyAndTests/study-vita/backend-laravel/vendor/laravel/framework/src/Illuminate/Foundation/Http/Middleware/TrimStrings.php(40): Illuminate\\Foundation\\Http\\Middleware\\TransformsRequest->handle(Object(Illuminate\\Http\\Request), Object(Closure))
#37 /var/www/studyAndTests/study-vita/backend-laravel/vendor/laravel/framework/src/Illuminate/Pipeline/Pipeline.php(180): Illuminate\\Foundation\\Http\\Middleware\\TrimStrings->handle(Object(Illuminate\\Http\\Request), Object(Closure))
#38 /var/www/studyAndTests/study-vita/backend-laravel/vendor/laravel/framework/src/Illuminate/Foundation/Http/Middleware/ValidatePostSize.php(27): Illuminate\\Pipeline\\Pipeline->Illuminate\\Pipeline\\{closure}(Object(Illuminate\\Http\\Request))
#39 /var/www/studyAndTests/study-vita/backend-laravel/vendor/laravel/framework/src/Illuminate/Pipeline/Pipeline.php(180): Illuminate\\Foundation\\Http\\Middleware\\ValidatePostSize->handle(Object(Illuminate\\Http\\Request), Object(Closure))
#40 /var/www/studyAndTests/study-vita/backend-laravel/vendor/laravel/framework/src/Illuminate/Foundation/Http/Middleware/PreventRequestsDuringMaintenance.php(86): Illuminate\\Pipeline\\Pipeline->Illuminate\\Pipeline\\{closure}(Object(Illuminate\\Http\\Request))
#41 /var/www/studyAndTests/study-vita/backend-laravel/vendor/laravel/framework/src/Illuminate/Pipeline/Pipeline.php(180): Illuminate\\Foundation\\Http\\Middleware\\PreventRequestsDuringMaintenance->handle(Object(Illuminate\\Http\\Request), Object(Closure))
#42 /var/www/studyAndTests/study-vita/backend-laravel/vendor/laravel/framework/src/Illuminate/Http/Middleware/HandleCors.php(62): Illuminate\\Pipeline\\Pipeline->Illuminate\\Pipeline\\{closure}(Object(Illuminate\\Http\\Request))
#43 /var/www/studyAndTests/study-vita/backend-laravel/vendor/laravel/framework/src/Illuminate/Pipeline/Pipeline.php(180): Illuminate\\Http\\Middleware\\HandleCors->handle(Object(Illuminate\\Http\\Request), Object(Closure))
#44 /var/www/studyAndTests/study-vita/backend-laravel/vendor/laravel/framework/src/Illuminate/Http/Middleware/TrustProxies.php(39): Illuminate\\Pipeline\\Pipeline->Illuminate\\Pipeline\\{closure}(Object(Illuminate\\Http\\Request))
#45 /var/www/studyAndTests/study-vita/backend-laravel/vendor/laravel/framework/src/Illuminate/Pipeline/Pipeline.php(180): Illuminate\\Http\\Middleware\\TrustProxies->handle(Object(Illuminate\\Http\\Request), Object(Closure))
#46 /var/www/studyAndTests/study-vita/backend-laravel/vendor/laravel/framework/src/Illuminate/Pipeline/Pipeline.php(116): Illuminate\\Pipeline\\Pipeline->Illuminate\\Pipeline\\{closure}(Object(Illuminate\\Http\\Request))
#47 /var/www/studyAndTests/study-vita/backend-laravel/vendor/laravel/framework/src/Illuminate/Foundation/Http/Kernel.php(142): Illuminate\\Pipeline\\Pipeline->then(Object(Closure))
#48 /var/www/studyAndTests/study-vita/backend-laravel/vendor/laravel/framework/src/Illuminate/Foundation/Http/Kernel.php(111): Illuminate\\Foundation\\Http\\Kernel->sendRequestThroughRouter(Object(Illuminate\\Http\\Request))
#49 /var/www/studyAndTests/study-vita/backend-laravel/public/index.php(52): Illuminate\\Foundation\\Http\\Kernel->handle(Object(Illuminate\\Http\\Request))
#50 {main}

[previous exception] [object] (PDOException(code: 23000): SQLSTATE[23000]: Integrity constraint violation: 1451 Cannot delete or update a parent row: a foreign key constraint fails (`study_vita`.`opportunity_product`, CONSTRAINT `opportunity_product_product_id_foreign` FOREIGN KEY (`product_id`) REFERENCES `product` (`id`)) at /var/www/studyAndTests/study-vita/backend-laravel/vendor/laravel/framework/src/Illuminate/Database/Connection.php:552)
[stacktrace]
#0 /var/www/studyAndTests/study-vita/backend-laravel/vendor/laravel/framework/src/Illuminate/Database/Connection.php(552): PDOStatement->execute()
#1 /var/www/studyAndTests/study-vita/backend-laravel/vendor/laravel/framework/src/Illuminate/Database/Connection.php(735): Illuminate\\Database\\Connection->Illuminate\\Database\\{closure}('delete from `pr...', Array)
#2 /var/www/studyAndTests/study-vita/backend-laravel/vendor/laravel/framework/src/Illuminate/Database/Connection.php(702): Illuminate\\Database\\Connection->runQueryCallback('delete from `pr...', Array, Object(Closure))
#3 /var/www/studyAndTests/study-vita/backend-laravel/vendor/laravel/framework/src/Illuminate/Database/Connection.php(559): Illuminate\\Database\\Connection->run('delete from `pr...', Array, Object(Closure))
#4 /var/www/studyAndTests/study-vita/backend-laravel/vendor/laravel/framework/src/Illuminate/Database/Connection.php(504): Illuminate\\Database\\Connection->affectingStatement('delete from `pr...', Array)
#5 /var/www/studyAndTests/study-vita/backend-laravel/vendor/laravel/framework/src/Illuminate/Database/Query/Builder.php(3434): Illuminate\\Database\\Connection->delete('delete from `pr...', Array)
#6 /var/www/studyAndTests/study-vita/backend-laravel/vendor/laravel/framework/src/Illuminate/Database/Eloquent/Builder.php(1149): Illuminate\\Database\\Query\\Builder->delete()
#7 /var/www/studyAndTests/study-vita/backend-laravel/vendor/laravel/framework/src/Illuminate/Database/Eloquent/Model.php(1341): Illuminate\\Database\\Eloquent\\Builder->delete()
#8 /var/www/studyAndTests/study-vita/backend-laravel/vendor/laravel/framework/src/Illuminate/Database/Eloquent/Model.php(1294): Illuminate\\Database\\Eloquent\\Model->performDeleteOnModel()
#9 /var/www/studyAndTests/study-vita/backend-laravel/app/Repositories/BaseRepository.php(33): Illuminate\\Database\\Eloquent\\Model->delete()
#10 /var/www/studyAndTests/study-vita/backend-laravel/app/Repositories/BaseRepository.php(40): App\\Repositories\\BaseRepository->App\\Repositories\\{closure}(11)
#11 /var/www/studyAndTests/study-vita/backend-laravel/app/Services/Product/ProductService.php(22): App\\Repositories\\BaseRepository->destroy(11)
#12 /var/www/studyAndTests/study-vita/backend-laravel/app/Http/Controllers/Api/Product/ProductController.php(21): App\\Services\\Product\\ProductService->destroy(11)
#13 /var/www/studyAndTests/study-vita/backend-laravel/vendor/laravel/framework/src/Illuminate/Routing/Controller.php(54): App\\Http\\Controllers\\Api\\Product\\ProductController->destroy(11)
#14 /var/www/studyAndTests/study-vita/backend-laravel/vendor/laravel/framework/src/Illuminate/Routing/ControllerDispatcher.php(45): Illuminate\\Routing\\Controller->callAction('destroy', Array)
#15 /var/www/studyAndTests/study-vita/backend-laravel/vendor/laravel/framework/src/Illuminate/Routing/Route.php(261): Illuminate\\Routing\\ControllerDispatcher->dispatch(Object(Illuminate\\Routing\\Route), Object(App\\Http\\Controllers\\Api\\Product\\ProductController), 'destroy')
#16 /var/www/studyAndTests/study-vita/backend-laravel/vendor/laravel/framework/src/Illuminate/Routing/Route.php(204): Illuminate\\Routing\\Route->runController()
#17 /var/www/studyAndTests/study-vita/backend-laravel/vendor/laravel/framework/src/Illuminate/Routing/Router.php(725): Illuminate\\Routing\\Route->run()
#18 /var/www/studyAndTests/study-vita/backend-laravel/vendor/laravel/framework/src/Illuminate/Pipeline/Pipeline.php(141): Illuminate\\Routing\\Router->Illuminate\\Routing\\{closure}(Object(Illuminate\\Http\\Request))
#19 /var/www/studyAndTests/study-vita/backend-laravel/vendor/laravel/framework/src/Illuminate/Routing/Middleware/SubstituteBindings.php(50): Illuminate\\Pipeline\\Pipeline->Illuminate\\Pipeline\\{closure}(Object(Illuminate\\Http\\Request))
#20 /var/www/studyAndTests/study-vita/backend-laravel/vendor/laravel/framework/src/Illuminate/Pipeline/Pipeline.php(180): Illuminate\\Routing\\Middleware\\SubstituteBindings->handle(Object(Illuminate\\Http\\Request), Object(Closure))
#21 /var/www/studyAndTests/study-vita/backend-laravel/app/Http/Middleware/Locale.php(21): Illuminate\\Pipeline\\Pipeline->Illuminate\\Pipeline\\{closure}(Object(Illuminate\\Http\\Request))
#22 /var/www/studyAndTests/study-vita/backend-laravel/vendor/laravel/framework/src/Illuminate/Pipeline/Pipeline.php(180): App\\Http\\Middleware\\Locale->handle(Object(Illuminate\\Http\\Request), Object(Closure))
#23 /var/www/studyAndTests/study-vita/backend-laravel/vendor/laravel/framework/src/Illuminate/Routing/Middleware/ThrottleRequests.php(126): Illuminate\\Pipeline\\Pipeline->Illuminate\\Pipeline\\{closure}(Object(Illuminate\\Http\\Request))
#24 /var/www/studyAndTests/study-vita/backend-laravel/vendor/laravel/framework/src/Illuminate/Routing/Middleware/ThrottleRequests.php(102): Illuminate\\Routing\\Middleware\\ThrottleRequests->handleRequest(Object(Illuminate\\Http\\Request), Object(Closure), Array)
#25 /var/www/studyAndTests/study-vita/backend-laravel/vendor/laravel/framework/src/Illuminate/Routing/Middleware/ThrottleRequests.php(54): Illuminate\\Routing\\Middleware\\ThrottleRequests->handleRequestUsingNamedLimiter(Object(Illuminate\\Http\\Request), Object(Closure), 'api', Object(Closure))
#26 /var/www/studyAndTests/study-vita/backend-laravel/vendor/laravel/framework/src/Illuminate/Pipeline/Pipeline.php(180): Illuminate\\Routing\\Middleware\\ThrottleRequests->handle(Object(Illuminate\\Http\\Request), Object(Closure), 'api')
#27 /var/www/studyAndTests/study-vita/backend-laravel/vendor/laravel/framework/src/Illuminate/Pipeline/Pipeline.php(116): Illuminate\\Pipeline\\Pipeline->Illuminate\\Pipeline\\{closure}(Object(Illuminate\\Http\\Request))
#28 /var/www/studyAndTests/study-vita/backend-laravel/vendor/laravel/framework/src/Illuminate/Routing/Router.php(726): Illuminate\\Pipeline\\Pipeline->then(Object(Closure))
#29 /var/www/studyAndTests/study-vita/backend-laravel/vendor/laravel/framework/src/Illuminate/Routing/Router.php(703): Illuminate\\Routing\\Router->runRouteWithinStack(Object(Illuminate\\Routing\\Route), Object(Illuminate\\Http\\Request))
#30 /var/www/studyAndTests/study-vita/backend-laravel/vendor/laravel/framework/src/Illuminate/Routing/Router.php(667): Illuminate\\Routing\\Router->runRoute(Object(Illuminate\\Http\\Request), Object(Illuminate\\Routing\\Route))
#31 /var/www/studyAndTests/study-vita/backend-laravel/vendor/laravel/framework/src/Illuminate/Routing/Router.php(656): Illuminate\\Routing\\Router->dispatchToRoute(Object(Illuminate\\Http\\Request))
#32 /var/www/studyAndTests/study-vita/backend-laravel/vendor/laravel/framework/src/Illuminate/Foundation/Http/Kernel.php(167): Illuminate\\Routing\\Router->dispatch(Object(Illuminate\\Http\\Request))
#33 /var/www/studyAndTests/study-vita/backend-laravel/vendor/laravel/framework/src/Illuminate/Pipeline/Pipeline.php(141): Illuminate\\Foundation\\Http\\Kernel->Illuminate\\Foundation\\Http\\{closure}(Object(Illuminate\\Http\\Request))
#34 /var/www/studyAndTests/study-vita/backend-laravel/vendor/laravel/framework/src/Illuminate/Foundation/Http/Middleware/TransformsRequest.php(21): Illuminate\\Pipeline\\Pipeline->Illuminate\\Pipeline\\{closure}(Object(Illuminate\\Http\\Request))
#35 /var/www/studyAndTests/study-vita/backend-laravel/vendor/laravel/framework/src/Illuminate/Foundation/Http/Middleware/ConvertEmptyStringsToNull.php(31): Illuminate\\Foundation\\Http\\Middleware\\TransformsRequest->handle(Object(Illuminate\\Http\\Request), Object(Closure))
#36 /var/www/studyAndTests/study-vita/backend-laravel/vendor/laravel/framework/src/Illuminate/Pipeline/Pipeline.php(180): Illuminate\\Foundation\\Http\\Middleware\\ConvertEmptyStringsToNull->handle(Object(Illuminate\\Http\\Request), Object(Closure))
#37 /var/www/studyAndTests/study-vita/backend-laravel/vendor/laravel/framework/src/Illuminate/Foundation/Http/Middleware/TransformsRequest.php(21): Illuminate\\Pipeline\\Pipeline->Illuminate\\Pipeline\\{closure}(Object(Illuminate\\Http\\Request))
#38 /var/www/studyAndTests/study-vita/backend-laravel/vendor/laravel/framework/src/Illuminate/Foundation/Http/Middleware/TrimStrings.php(40): Illuminate\\Foundation\\Http\\Middleware\\TransformsRequest->handle(Object(Illuminate\\Http\\Request), Object(Closure))
#39 /var/www/studyAndTests/study-vita/backend-laravel/vendor/laravel/framework/src/Illuminate/Pipeline/Pipeline.php(180): Illuminate\\Foundation\\Http\\Middleware\\TrimStrings->handle(Object(Illuminate\\Http\\Request), Object(Closure))
#40 /var/www/studyAndTests/study-vita/backend-laravel/vendor/laravel/framework/src/Illuminate/Foundation/Http/Middleware/ValidatePostSize.php(27): Illuminate\\Pipeline\\Pipeline->Illuminate\\Pipeline\\{closure}(Object(Illuminate\\Http\\Request))
#41 /var/www/studyAndTests/study-vita/backend-laravel/vendor/laravel/framework/src/Illuminate/Pipeline/Pipeline.php(180): Illuminate\\Foundation\\Http\\Middleware\\ValidatePostSize->handle(Object(Illuminate\\Http\\Request), Object(Closure))
#42 /var/www/studyAndTests/study-vita/backend-laravel/vendor/laravel/framework/src/Illuminate/Foundation/Http/Middleware/PreventRequestsDuringMaintenance.php(86): Illuminate\\Pipeline\\Pipeline->Illuminate\\Pipeline\\{closure}(Object(Illuminate\\Http\\Request))
#43 /var/www/studyAndTests/study-vita/backend-laravel/vendor/laravel/framework/src/Illuminate/Pipeline/Pipeline.php(180): Illuminate\\Foundation\\Http\\Middleware\\PreventRequestsDuringMaintenance->handle(Object(Illuminate\\Http\\Request), Object(Closure))
#44 /var/www/studyAndTests/study-vita/backend-laravel/vendor/laravel/framework/src/Illuminate/Http/Middleware/HandleCors.php(62): Illuminate\\Pipeline\\Pipeline->Illuminate\\Pipeline\\{closure}(Object(Illuminate\\Http\\Request))
#45 /var/www/studyAndTests/study-vita/backend-laravel/vendor/laravel/framework/src/Illuminate/Pipeline/Pipeline.php(180): Illuminate\\Http\\Middleware\\HandleCors->handle(Object(Illuminate\\Http\\Request), Object(Closure))
#46 /var/www/studyAndTests/study-vita/backend-laravel/vendor/laravel/framework/src/Illuminate/Http/Middleware/TrustProxies.php(39): Illuminate\\Pipeline\\Pipeline->Illuminate\\Pipeline\\{closure}(Object(Illuminate\\Http\\Request))
#47 /var/www/studyAndTests/study-vita/backend-laravel/vendor/laravel/framework/src/Illuminate/Pipeline/Pipeline.php(180): Illuminate\\Http\\Middleware\\TrustProxies->handle(Object(Illuminate\\Http\\Request), Object(Closure))
#48 /var/www/studyAndTests/study-vita/backend-laravel/vendor/laravel/framework/src/Illuminate/Pipeline/Pipeline.php(116): Illuminate\\Pipeline\\Pipeline->Illuminate\\Pipeline\\{closure}(Object(Illuminate\\Http\\Request))
#49 /var/www/studyAndTests/study-vita/backend-laravel/vendor/laravel/framework/src/Illuminate/Foundation/Http/Kernel.php(142): Illuminate\\Pipeline\\Pipeline->then(Object(Closure))
#50 /var/www/studyAndTests/study-vita/backend-laravel/vendor/laravel/framework/src/Illuminate/Foundation/Http/Kernel.php(111): Illuminate\\Foundation\\Http\\Kernel->sendRequestThroughRouter(Object(Illuminate\\Http\\Request))
#51 /var/www/studyAndTests/study-vita/backend-laravel/public/index.php(52): Illuminate\\Foundation\\Http\\Kernel->handle(Object(Illuminate\\Http\\Request))
#52 {main}
"} 
[2022-05-22 09:17:30] local.ERROR: SQLSTATE[23000]: Integrity constraint violation: 1451 Cannot delete or update a parent row: a foreign key constraint fails (`study_vita`.`opportunity`, CONSTRAINT `opportunity_customer_id_foreign` FOREIGN KEY (`customer_id`) REFERENCES `customer` (`id`)) (SQL: delete from `customer` where `id` = 27) {"exception":"[object] (Illuminate\\Database\\QueryException(code: 23000): SQLSTATE[23000]: Integrity constraint violation: 1451 Cannot delete or update a parent row: a foreign key constraint fails (`study_vita`.`opportunity`, CONSTRAINT `opportunity_customer_id_foreign` FOREIGN KEY (`customer_id`) REFERENCES `customer` (`id`)) (SQL: delete from `customer` where `id` = 27) at /var/www/studyAndTests/study-vita/backend-laravel/vendor/laravel/framework/src/Illuminate/Database/Connection.php:742)
[stacktrace]
#0 /var/www/studyAndTests/study-vita/backend-laravel/vendor/laravel/framework/src/Illuminate/Database/Connection.php(702): Illuminate\\Database\\Connection->runQueryCallback('delete from `cu...', Array, Object(Closure))
#1 /var/www/studyAndTests/study-vita/backend-laravel/vendor/laravel/framework/src/Illuminate/Database/Connection.php(559): Illuminate\\Database\\Connection->run('delete from `cu...', Array, Object(Closure))
#2 /var/www/studyAndTests/study-vita/backend-laravel/vendor/laravel/framework/src/Illuminate/Database/Connection.php(504): Illuminate\\Database\\Connection->affectingStatement('delete from `cu...', Array)
#3 /var/www/studyAndTests/study-vita/backend-laravel/vendor/laravel/framework/src/Illuminate/Database/Query/Builder.php(3434): Illuminate\\Database\\Connection->delete('delete from `cu...', Array)
#4 /var/www/studyAndTests/study-vita/backend-laravel/vendor/laravel/framework/src/Illuminate/Database/Eloquent/Builder.php(1149): Illuminate\\Database\\Query\\Builder->delete()
#5 /var/www/studyAndTests/study-vita/backend-laravel/vendor/laravel/framework/src/Illuminate/Database/Eloquent/Model.php(1341): Illuminate\\Database\\Eloquent\\Builder->delete()
#6 /var/www/studyAndTests/study-vita/backend-laravel/vendor/laravel/framework/src/Illuminate/Database/Eloquent/Model.php(1294): Illuminate\\Database\\Eloquent\\Model->performDeleteOnModel()
#7 /var/www/studyAndTests/study-vita/backend-laravel/app/Repositories/BaseRepository.php(33): Illuminate\\Database\\Eloquent\\Model->delete()
#8 /var/www/studyAndTests/study-vita/backend-laravel/app/Repositories/BaseRepository.php(40): App\\Repositories\\BaseRepository->App\\Repositories\\{closure}(27)
#9 /var/www/studyAndTests/study-vita/backend-laravel/app/Services/Customer/CustomerService.php(22): App\\Repositories\\BaseRepository->destroy(27)
#10 /var/www/studyAndTests/study-vita/backend-laravel/app/Http/Controllers/Api/Customer/CustomerController.php(21): App\\Services\\Customer\\CustomerService->destroy(27)
#11 /var/www/studyAndTests/study-vita/backend-laravel/vendor/laravel/framework/src/Illuminate/Routing/Controller.php(54): App\\Http\\Controllers\\Api\\Customer\\CustomerController->destroy(27)
#12 /var/www/studyAndTests/study-vita/backend-laravel/vendor/laravel/framework/src/Illuminate/Routing/ControllerDispatcher.php(45): Illuminate\\Routing\\Controller->callAction('destroy', Array)
#13 /var/www/studyAndTests/study-vita/backend-laravel/vendor/laravel/framework/src/Illuminate/Routing/Route.php(261): Illuminate\\Routing\\ControllerDispatcher->dispatch(Object(Illuminate\\Routing\\Route), Object(App\\Http\\Controllers\\Api\\Customer\\CustomerController), 'destroy')
#14 /var/www/studyAndTests/study-vita/backend-laravel/vendor/laravel/framework/src/Illuminate/Routing/Route.php(204): Illuminate\\Routing\\Route->runController()
#15 /var/www/studyAndTests/study-vita/backend-laravel/vendor/laravel/framework/src/Illuminate/Routing/Router.php(725): Illuminate\\Routing\\Route->run()
#16 /var/www/studyAndTests/study-vita/backend-laravel/vendor/laravel/framework/src/Illuminate/Pipeline/Pipeline.php(141): Illuminate\\Routing\\Router->Illuminate\\Routing\\{closure}(Object(Illuminate\\Http\\Request))
#17 /var/www/studyAndTests/study-vita/backend-laravel/vendor/laravel/framework/src/Illuminate/Routing/Middleware/SubstituteBindings.php(50): Illuminate\\Pipeline\\Pipeline->Illuminate\\Pipeline\\{closure}(Object(Illuminate\\Http\\Request))
#18 /var/www/studyAndTests/study-vita/backend-laravel/vendor/laravel/framework/src/Illuminate/Pipeline/Pipeline.php(180): Illuminate\\Routing\\Middleware\\SubstituteBindings->handle(Object(Illuminate\\Http\\Request), Object(Closure))
#19 /var/www/studyAndTests/study-vita/backend-laravel/app/Http/Middleware/Locale.php(21): Illuminate\\Pipeline\\Pipeline->Illuminate\\Pipeline\\{closure}(Object(Illuminate\\Http\\Request))
#20 /var/www/studyAndTests/study-vita/backend-laravel/vendor/laravel/framework/src/Illuminate/Pipeline/Pipeline.php(180): App\\Http\\Middleware\\Locale->handle(Object(Illuminate\\Http\\Request), Object(Closure))
#21 /var/www/studyAndTests/study-vita/backend-laravel/vendor/laravel/framework/src/Illuminate/Routing/Middleware/ThrottleRequests.php(126): Illuminate\\Pipeline\\Pipeline->Illuminate\\Pipeline\\{closure}(Object(Illuminate\\Http\\Request))
#22 /var/www/studyAndTests/study-vita/backend-laravel/vendor/laravel/framework/src/Illuminate/Routing/Middleware/ThrottleRequests.php(102): Illuminate\\Routing\\Middleware\\ThrottleRequests->handleRequest(Object(Illuminate\\Http\\Request), Object(Closure), Array)
#23 /var/www/studyAndTests/study-vita/backend-laravel/vendor/laravel/framework/src/Illuminate/Routing/Middleware/ThrottleRequests.php(54): Illuminate\\Routing\\Middleware\\ThrottleRequests->handleRequestUsingNamedLimiter(Object(Illuminate\\Http\\Request), Object(Closure), 'api', Object(Closure))
#24 /var/www/studyAndTests/study-vita/backend-laravel/vendor/laravel/framework/src/Illuminate/Pipeline/Pipeline.php(180): Illuminate\\Routing\\Middleware\\ThrottleRequests->handle(Object(Illuminate\\Http\\Request), Object(Closure), 'api')
#25 /var/www/studyAndTests/study-vita/backend-laravel/vendor/laravel/framework/src/Illuminate/Pipeline/Pipeline.php(116): Illuminate\\Pipeline\\Pipeline->Illuminate\\Pipeline\\{closure}(Object(Illuminate\\Http\\Request))
#26 /var/www/studyAndTests/study-vita/backend-laravel/vendor/laravel/framework/src/Illuminate/Routing/Router.php(726): Illuminate\\Pipeline\\Pipeline->then(Object(Closure))
#27 /var/www/studyAndTests/study-vita/backend-laravel/vendor/laravel/framework/src/Illuminate/Routing/Router.php(703): Illuminate\\Routing\\Router->runRouteWithinStack(Object(Illuminate\\Routing\\Route), Object(Illuminate\\Http\\Request))
#28 /var/www/studyAndTests/study-vita/backend-laravel/vendor/laravel/framework/src/Illuminate/Routing/Router.php(667): Illuminate\\Routing\\Router->runRoute(Object(Illuminate\\Http\\Request), Object(Illuminate\\Routing\\Route))
#29 /var/www/studyAndTests/study-vita/backend-laravel/vendor/laravel/framework/src/Illuminate/Routing/Router.php(656): Illuminate\\Routing\\Router->dispatchToRoute(Object(Illuminate\\Http\\Request))
#30 /var/www/studyAndTests/study-vita/backend-laravel/vendor/laravel/framework/src/Illuminate/Foundation/Http/Kernel.php(167): Illuminate\\Routing\\Router->dispatch(Object(Illuminate\\Http\\Request))
#31 /var/www/studyAndTests/study-vita/backend-laravel/vendor/laravel/framework/src/Illuminate/Pipeline/Pipeline.php(141): Illuminate\\Foundation\\Http\\Kernel->Illuminate\\Foundation\\Http\\{closure}(Object(Illuminate\\Http\\Request))
#32 /var/www/studyAndTests/study-vita/backend-laravel/vendor/laravel/framework/src/Illuminate/Foundation/Http/Middleware/TransformsRequest.php(21): Illuminate\\Pipeline\\Pipeline->Illuminate\\Pipeline\\{closure}(Object(Illuminate\\Http\\Request))
#33 /var/www/studyAndTests/study-vita/backend-laravel/vendor/laravel/framework/src/Illuminate/Foundation/Http/Middleware/ConvertEmptyStringsToNull.php(31): Illuminate\\Foundation\\Http\\Middleware\\TransformsRequest->handle(Object(Illuminate\\Http\\Request), Object(Closure))
#34 /var/www/studyAndTests/study-vita/backend-laravel/vendor/laravel/framework/src/Illuminate/Pipeline/Pipeline.php(180): Illuminate\\Foundation\\Http\\Middleware\\ConvertEmptyStringsToNull->handle(Object(Illuminate\\Http\\Request), Object(Closure))
#35 /var/www/studyAndTests/study-vita/backend-laravel/vendor/laravel/framework/src/Illuminate/Foundation/Http/Middleware/TransformsRequest.php(21): Illuminate\\Pipeline\\Pipeline->Illuminate\\Pipeline\\{closure}(Object(Illuminate\\Http\\Request))
#36 /var/www/studyAndTests/study-vita/backend-laravel/vendor/laravel/framework/src/Illuminate/Foundation/Http/Middleware/TrimStrings.php(40): Illuminate\\Foundation\\Http\\Middleware\\TransformsRequest->handle(Object(Illuminate\\Http\\Request), Object(Closure))
#37 /var/www/studyAndTests/study-vita/backend-laravel/vendor/laravel/framework/src/Illuminate/Pipeline/Pipeline.php(180): Illuminate\\Foundation\\Http\\Middleware\\TrimStrings->handle(Object(Illuminate\\Http\\Request), Object(Closure))
#38 /var/www/studyAndTests/study-vita/backend-laravel/vendor/laravel/framework/src/Illuminate/Foundation/Http/Middleware/ValidatePostSize.php(27): Illuminate\\Pipeline\\Pipeline->Illuminate\\Pipeline\\{closure}(Object(Illuminate\\Http\\Request))
#39 /var/www/studyAndTests/study-vita/backend-laravel/vendor/laravel/framework/src/Illuminate/Pipeline/Pipeline.php(180): Illuminate\\Foundation\\Http\\Middleware\\ValidatePostSize->handle(Object(Illuminate\\Http\\Request), Object(Closure))
#40 /var/www/studyAndTests/study-vita/backend-laravel/vendor/laravel/framework/src/Illuminate/Foundation/Http/Middleware/PreventRequestsDuringMaintenance.php(86): Illuminate\\Pipeline\\Pipeline->Illuminate\\Pipeline\\{closure}(Object(Illuminate\\Http\\Request))
#41 /var/www/studyAndTests/study-vita/backend-laravel/vendor/laravel/framework/src/Illuminate/Pipeline/Pipeline.php(180): Illuminate\\Foundation\\Http\\Middleware\\PreventRequestsDuringMaintenance->handle(Object(Illuminate\\Http\\Request), Object(Closure))
#42 /var/www/studyAndTests/study-vita/backend-laravel/vendor/laravel/framework/src/Illuminate/Http/Middleware/HandleCors.php(62): Illuminate\\Pipeline\\Pipeline->Illuminate\\Pipeline\\{closure}(Object(Illuminate\\Http\\Request))
#43 /var/www/studyAndTests/study-vita/backend-laravel/vendor/laravel/framework/src/Illuminate/Pipeline/Pipeline.php(180): Illuminate\\Http\\Middleware\\HandleCors->handle(Object(Illuminate\\Http\\Request), Object(Closure))
#44 /var/www/studyAndTests/study-vita/backend-laravel/vendor/laravel/framework/src/Illuminate/Http/Middleware/TrustProxies.php(39): Illuminate\\Pipeline\\Pipeline->Illuminate\\Pipeline\\{closure}(Object(Illuminate\\Http\\Request))
#45 /var/www/studyAndTests/study-vita/backend-laravel/vendor/laravel/framework/src/Illuminate/Pipeline/Pipeline.php(180): Illuminate\\Http\\Middleware\\TrustProxies->handle(Object(Illuminate\\Http\\Request), Object(Closure))
#46 /var/www/studyAndTests/study-vita/backend-laravel/vendor/laravel/framework/src/Illuminate/Pipeline/Pipeline.php(116): Illuminate\\Pipeline\\Pipeline->Illuminate\\Pipeline\\{closure}(Object(Illuminate\\Http\\Request))
#47 /var/www/studyAndTests/study-vita/backend-laravel/vendor/laravel/framework/src/Illuminate/Foundation/Http/Kernel.php(142): Illuminate\\Pipeline\\Pipeline->then(Object(Closure))
#48 /var/www/studyAndTests/study-vita/backend-laravel/vendor/laravel/framework/src/Illuminate/Foundation/Http/Kernel.php(111): Illuminate\\Foundation\\Http\\Kernel->sendRequestThroughRouter(Object(Illuminate\\Http\\Request))
#49 /var/www/studyAndTests/study-vita/backend-laravel/public/index.php(52): Illuminate\\Foundation\\Http\\Kernel->handle(Object(Illuminate\\Http\\Request))
#50 {main}

[previous exception] [object] (PDOException(code: 23000): SQLSTATE[23000]: Integrity constraint violation: 1451 Cannot delete or update a parent row: a foreign key constraint fails (`study_vita`.`opportunity`, CONSTRAINT `opportunity_customer_id_foreign` FOREIGN KEY (`customer_id`) REFERENCES `customer` (`id`)) at /var/www/studyAndTests/study-vita/backend-laravel/vendor/laravel/framework/src/Illuminate/Database/Connection.php:552)
[stacktrace]
#0 /var/www/studyAndTests/study-vita/backend-laravel/vendor/laravel/framework/src/Illuminate/Database/Connection.php(552): PDOStatement->execute()
#1 /var/www/studyAndTests/study-vita/backend-laravel/vendor/laravel/framework/src/Illuminate/Database/Connection.php(735): Illuminate\\Database\\Connection->Illuminate\\Database\\{closure}('delete from `cu...', Array)
#2 /var/www/studyAndTests/study-vita/backend-laravel/vendor/laravel/framework/src/Illuminate/Database/Connection.php(702): Illuminate\\Database\\Connection->runQueryCallback('delete from `cu...', Array, Object(Closure))
#3 /var/www/studyAndTests/study-vita/backend-laravel/vendor/laravel/framework/src/Illuminate/Database/Connection.php(559): Illuminate\\Database\\Connection->run('delete from `cu...', Array, Object(Closure))
#4 /var/www/studyAndTests/study-vita/backend-laravel/vendor/laravel/framework/src/Illuminate/Database/Connection.php(504): Illuminate\\Database\\Connection->affectingStatement('delete from `cu...', Array)
#5 /var/www/studyAndTests/study-vita/backend-laravel/vendor/laravel/framework/src/Illuminate/Database/Query/Builder.php(3434): Illuminate\\Database\\Connection->delete('delete from `cu...', Array)
#6 /var/www/studyAndTests/study-vita/backend-laravel/vendor/laravel/framework/src/Illuminate/Database/Eloquent/Builder.php(1149): Illuminate\\Database\\Query\\Builder->delete()
#7 /var/www/studyAndTests/study-vita/backend-laravel/vendor/laravel/framework/src/Illuminate/Database/Eloquent/Model.php(1341): Illuminate\\Database\\Eloquent\\Builder->delete()
#8 /var/www/studyAndTests/study-vita/backend-laravel/vendor/laravel/framework/src/Illuminate/Database/Eloquent/Model.php(1294): Illuminate\\Database\\Eloquent\\Model->performDeleteOnModel()
#9 /var/www/studyAndTests/study-vita/backend-laravel/app/Repositories/BaseRepository.php(33): Illuminate\\Database\\Eloquent\\Model->delete()
#10 /var/www/studyAndTests/study-vita/backend-laravel/app/Repositories/BaseRepository.php(40): App\\Repositories\\BaseRepository->App\\Repositories\\{closure}(27)
#11 /var/www/studyAndTests/study-vita/backend-laravel/app/Services/Customer/CustomerService.php(22): App\\Repositories\\BaseRepository->destroy(27)
#12 /var/www/studyAndTests/study-vita/backend-laravel/app/Http/Controllers/Api/Customer/CustomerController.php(21): App\\Services\\Customer\\CustomerService->destroy(27)
#13 /var/www/studyAndTests/study-vita/backend-laravel/vendor/laravel/framework/src/Illuminate/Routing/Controller.php(54): App\\Http\\Controllers\\Api\\Customer\\CustomerController->destroy(27)
#14 /var/www/studyAndTests/study-vita/backend-laravel/vendor/laravel/framework/src/Illuminate/Routing/ControllerDispatcher.php(45): Illuminate\\Routing\\Controller->callAction('destroy', Array)
#15 /var/www/studyAndTests/study-vita/backend-laravel/vendor/laravel/framework/src/Illuminate/Routing/Route.php(261): Illuminate\\Routing\\ControllerDispatcher->dispatch(Object(Illuminate\\Routing\\Route), Object(App\\Http\\Controllers\\Api\\Customer\\CustomerController), 'destroy')
#16 /var/www/studyAndTests/study-vita/backend-laravel/vendor/laravel/framework/src/Illuminate/Routing/Route.php(204): Illuminate\\Routing\\Route->runController()
#17 /var/www/studyAndTests/study-vita/backend-laravel/vendor/laravel/framework/src/Illuminate/Routing/Router.php(725): Illuminate\\Routing\\Route->run()
#18 /var/www/studyAndTests/study-vita/backend-laravel/vendor/laravel/framework/src/Illuminate/Pipeline/Pipeline.php(141): Illuminate\\Routing\\Router->Illuminate\\Routing\\{closure}(Object(Illuminate\\Http\\Request))
#19 /var/www/studyAndTests/study-vita/backend-laravel/vendor/laravel/framework/src/Illuminate/Routing/Middleware/SubstituteBindings.php(50): Illuminate\\Pipeline\\Pipeline->Illuminate\\Pipeline\\{closure}(Object(Illuminate\\Http\\Request))
#20 /var/www/studyAndTests/study-vita/backend-laravel/vendor/laravel/framework/src/Illuminate/Pipeline/Pipeline.php(180): Illuminate\\Routing\\Middleware\\SubstituteBindings->handle(Object(Illuminate\\Http\\Request), Object(Closure))
#21 /var/www/studyAndTests/study-vita/backend-laravel/app/Http/Middleware/Locale.php(21): Illuminate\\Pipeline\\Pipeline->Illuminate\\Pipeline\\{closure}(Object(Illuminate\\Http\\Request))
#22 /var/www/studyAndTests/study-vita/backend-laravel/vendor/laravel/framework/src/Illuminate/Pipeline/Pipeline.php(180): App\\Http\\Middleware\\Locale->handle(Object(Illuminate\\Http\\Request), Object(Closure))
#23 /var/www/studyAndTests/study-vita/backend-laravel/vendor/laravel/framework/src/Illuminate/Routing/Middleware/ThrottleRequests.php(126): Illuminate\\Pipeline\\Pipeline->Illuminate\\Pipeline\\{closure}(Object(Illuminate\\Http\\Request))
#24 /var/www/studyAndTests/study-vita/backend-laravel/vendor/laravel/framework/src/Illuminate/Routing/Middleware/ThrottleRequests.php(102): Illuminate\\Routing\\Middleware\\ThrottleRequests->handleRequest(Object(Illuminate\\Http\\Request), Object(Closure), Array)
#25 /var/www/studyAndTests/study-vita/backend-laravel/vendor/laravel/framework/src/Illuminate/Routing/Middleware/ThrottleRequests.php(54): Illuminate\\Routing\\Middleware\\ThrottleRequests->handleRequestUsingNamedLimiter(Object(Illuminate\\Http\\Request), Object(Closure), 'api', Object(Closure))
#26 /var/www/studyAndTests/study-vita/backend-laravel/vendor/laravel/framework/src/Illuminate/Pipeline/Pipeline.php(180): Illuminate\\Routing\\Middleware\\ThrottleRequests->handle(Object(Illuminate\\Http\\Request), Object(Closure), 'api')
#27 /var/www/studyAndTests/study-vita/backend-laravel/vendor/laravel/framework/src/Illuminate/Pipeline/Pipeline.php(116): Illuminate\\Pipeline\\Pipeline->Illuminate\\Pipeline\\{closure}(Object(Illuminate\\Http\\Request))
#28 /var/www/studyAndTests/study-vita/backend-laravel/vendor/laravel/framework/src/Illuminate/Routing/Router.php(726): Illuminate\\Pipeline\\Pipeline->then(Object(Closure))
#29 /var/www/studyAndTests/study-vita/backend-laravel/vendor/laravel/framework/src/Illuminate/Routing/Router.php(703): Illuminate\\Routing\\Router->runRouteWithinStack(Object(Illuminate\\Routing\\Route), Object(Illuminate\\Http\\Request))
#30 /var/www/studyAndTests/study-vita/backend-laravel/vendor/laravel/framework/src/Illuminate/Routing/Router.php(667): Illuminate\\Routing\\Router->runRoute(Object(Illuminate\\Http\\Request), Object(Illuminate\\Routing\\Route))
#31 /var/www/studyAndTests/study-vita/backend-laravel/vendor/laravel/framework/src/Illuminate/Routing/Router.php(656): Illuminate\\Routing\\Router->dispatchToRoute(Object(Illuminate\\Http\\Request))
#32 /var/www/studyAndTests/study-vita/backend-laravel/vendor/laravel/framework/src/Illuminate/Foundation/Http/Kernel.php(167): Illuminate\\Routing\\Router->dispatch(Object(Illuminate\\Http\\Request))
#33 /var/www/studyAndTests/study-vita/backend-laravel/vendor/laravel/framework/src/Illuminate/Pipeline/Pipeline.php(141): Illuminate\\Foundation\\Http\\Kernel->Illuminate\\Foundation\\Http\\{closure}(Object(Illuminate\\Http\\Request))
#34 /var/www/studyAndTests/study-vita/backend-laravel/vendor/laravel/framework/src/Illuminate/Foundation/Http/Middleware/TransformsRequest.php(21): Illuminate\\Pipeline\\Pipeline->Illuminate\\Pipeline\\{closure}(Object(Illuminate\\Http\\Request))
#35 /var/www/studyAndTests/study-vita/backend-laravel/vendor/laravel/framework/src/Illuminate/Foundation/Http/Middleware/ConvertEmptyStringsToNull.php(31): Illuminate\\Foundation\\Http\\Middleware\\TransformsRequest->handle(Object(Illuminate\\Http\\Request), Object(Closure))
#36 /var/www/studyAndTests/study-vita/backend-laravel/vendor/laravel/framework/src/Illuminate/Pipeline/Pipeline.php(180): Illuminate\\Foundation\\Http\\Middleware\\ConvertEmptyStringsToNull->handle(Object(Illuminate\\Http\\Request), Object(Closure))
#37 /var/www/studyAndTests/study-vita/backend-laravel/vendor/laravel/framework/src/Illuminate/Foundation/Http/Middleware/TransformsRequest.php(21): Illuminate\\Pipeline\\Pipeline->Illuminate\\Pipeline\\{closure}(Object(Illuminate\\Http\\Request))
#38 /var/www/studyAndTests/study-vita/backend-laravel/vendor/laravel/framework/src/Illuminate/Foundation/Http/Middleware/TrimStrings.php(40): Illuminate\\Foundation\\Http\\Middleware\\TransformsRequest->handle(Object(Illuminate\\Http\\Request), Object(Closure))
#39 /var/www/studyAndTests/study-vita/backend-laravel/vendor/laravel/framework/src/Illuminate/Pipeline/Pipeline.php(180): Illuminate\\Foundation\\Http\\Middleware\\TrimStrings->handle(Object(Illuminate\\Http\\Request), Object(Closure))
#40 /var/www/studyAndTests/study-vita/backend-laravel/vendor/laravel/framework/src/Illuminate/Foundation/Http/Middleware/ValidatePostSize.php(27): Illuminate\\Pipeline\\Pipeline->Illuminate\\Pipeline\\{closure}(Object(Illuminate\\Http\\Request))
#41 /var/www/studyAndTests/study-vita/backend-laravel/vendor/laravel/framework/src/Illuminate/Pipeline/Pipeline.php(180): Illuminate\\Foundation\\Http\\Middleware\\ValidatePostSize->handle(Object(Illuminate\\Http\\Request), Object(Closure))
#42 /var/www/studyAndTests/study-vita/backend-laravel/vendor/laravel/framework/src/Illuminate/Foundation/Http/Middleware/PreventRequestsDuringMaintenance.php(86): Illuminate\\Pipeline\\Pipeline->Illuminate\\Pipeline\\{closure}(Object(Illuminate\\Http\\Request))
#43 /var/www/studyAndTests/study-vita/backend-laravel/vendor/laravel/framework/src/Illuminate/Pipeline/Pipeline.php(180): Illuminate\\Foundation\\Http\\Middleware\\PreventRequestsDuringMaintenance->handle(Object(Illuminate\\Http\\Request), Object(Closure))
#44 /var/www/studyAndTests/study-vita/backend-laravel/vendor/laravel/framework/src/Illuminate/Http/Middleware/HandleCors.php(62): Illuminate\\Pipeline\\Pipeline->Illuminate\\Pipeline\\{closure}(Object(Illuminate\\Http\\Request))
#45 /var/www/studyAndTests/study-vita/backend-laravel/vendor/laravel/framework/src/Illuminate/Pipeline/Pipeline.php(180): Illuminate\\Http\\Middleware\\HandleCors->handle(Object(Illuminate\\Http\\Request), Object(Closure))
#46 /var/www/studyAndTests/study-vita/backend-laravel/vendor/laravel/framework/src/Illuminate/Http/Middleware/TrustProxies.php(39): Illuminate\\Pipeline\\Pipeline->Illuminate\\Pipeline\\{closure}(Object(Illuminate\\Http\\Request))
#47 /var/www/studyAndTests/study-vita/backend-laravel/vendor/laravel/framework/src/Illuminate/Pipeline/Pipeline.php(180): Illuminate\\Http\\Middleware\\TrustProxies->handle(Object(Illuminate\\Http\\Request), Object(Closure))
#48 /var/www/studyAndTests/study-vita/backend-laravel/vendor/laravel/framework/src/Illuminate/Pipeline/Pipeline.php(116): Illuminate\\Pipeline\\Pipeline->Illuminate\\Pipeline\\{closure}(Object(Illuminate\\Http\\Request))
#49 /var/www/studyAndTests/study-vita/backend-laravel/vendor/laravel/framework/src/Illuminate/Foundation/Http/Kernel.php(142): Illuminate\\Pipeline\\Pipeline->then(Object(Closure))
#50 /var/www/studyAndTests/study-vita/backend-laravel/vendor/laravel/framework/src/Illuminate/Foundation/Http/Kernel.php(111): Illuminate\\Foundation\\Http\\Kernel->sendRequestThroughRouter(Object(Illuminate\\Http\\Request))
#51 /var/www/studyAndTests/study-vita/backend-laravel/public/index.php(52): Illuminate\\Foundation\\Http\\Kernel->handle(Object(Illuminate\\Http\\Request))
#52 {main}
"} 
[2022-05-22 09:17:40] local.ERROR: SQLSTATE[23000]: Integrity constraint violation: 1451 Cannot delete or update a parent row: a foreign key constraint fails (`study_vita`.`opportunity`, CONSTRAINT `opportunity_customer_id_foreign` FOREIGN KEY (`customer_id`) REFERENCES `customer` (`id`)) (SQL: delete from `customer` where `id` = 27) {"exception":"[object] (Illuminate\\Database\\QueryException(code: 23000): SQLSTATE[23000]: Integrity constraint violation: 1451 Cannot delete or update a parent row: a foreign key constraint fails (`study_vita`.`opportunity`, CONSTRAINT `opportunity_customer_id_foreign` FOREIGN KEY (`customer_id`) REFERENCES `customer` (`id`)) (SQL: delete from `customer` where `id` = 27) at /var/www/studyAndTests/study-vita/backend-laravel/vendor/laravel/framework/src/Illuminate/Database/Connection.php:742)
[stacktrace]
#0 /var/www/studyAndTests/study-vita/backend-laravel/vendor/laravel/framework/src/Illuminate/Database/Connection.php(702): Illuminate\\Database\\Connection->runQueryCallback('delete from `cu...', Array, Object(Closure))
#1 /var/www/studyAndTests/study-vita/backend-laravel/vendor/laravel/framework/src/Illuminate/Database/Connection.php(559): Illuminate\\Database\\Connection->run('delete from `cu...', Array, Object(Closure))
#2 /var/www/studyAndTests/study-vita/backend-laravel/vendor/laravel/framework/src/Illuminate/Database/Connection.php(504): Illuminate\\Database\\Connection->affectingStatement('delete from `cu...', Array)
#3 /var/www/studyAndTests/study-vita/backend-laravel/vendor/laravel/framework/src/Illuminate/Database/Query/Builder.php(3434): Illuminate\\Database\\Connection->delete('delete from `cu...', Array)
#4 /var/www/studyAndTests/study-vita/backend-laravel/vendor/laravel/framework/src/Illuminate/Database/Eloquent/Builder.php(1149): Illuminate\\Database\\Query\\Builder->delete()
#5 /var/www/studyAndTests/study-vita/backend-laravel/vendor/laravel/framework/src/Illuminate/Database/Eloquent/Model.php(1341): Illuminate\\Database\\Eloquent\\Builder->delete()
#6 /var/www/studyAndTests/study-vita/backend-laravel/vendor/laravel/framework/src/Illuminate/Database/Eloquent/Model.php(1294): Illuminate\\Database\\Eloquent\\Model->performDeleteOnModel()
#7 /var/www/studyAndTests/study-vita/backend-laravel/app/Repositories/BaseRepository.php(33): Illuminate\\Database\\Eloquent\\Model->delete()
#8 /var/www/studyAndTests/study-vita/backend-laravel/app/Repositories/BaseRepository.php(40): App\\Repositories\\BaseRepository->App\\Repositories\\{closure}(27)
#9 /var/www/studyAndTests/study-vita/backend-laravel/app/Services/Customer/CustomerService.php(22): App\\Repositories\\BaseRepository->destroy(27)
#10 /var/www/studyAndTests/study-vita/backend-laravel/app/Http/Controllers/Api/Customer/CustomerController.php(21): App\\Services\\Customer\\CustomerService->destroy(27)
#11 /var/www/studyAndTests/study-vita/backend-laravel/vendor/laravel/framework/src/Illuminate/Routing/Controller.php(54): App\\Http\\Controllers\\Api\\Customer\\CustomerController->destroy(27)
#12 /var/www/studyAndTests/study-vita/backend-laravel/vendor/laravel/framework/src/Illuminate/Routing/ControllerDispatcher.php(45): Illuminate\\Routing\\Controller->callAction('destroy', Array)
#13 /var/www/studyAndTests/study-vita/backend-laravel/vendor/laravel/framework/src/Illuminate/Routing/Route.php(261): Illuminate\\Routing\\ControllerDispatcher->dispatch(Object(Illuminate\\Routing\\Route), Object(App\\Http\\Controllers\\Api\\Customer\\CustomerController), 'destroy')
#14 /var/www/studyAndTests/study-vita/backend-laravel/vendor/laravel/framework/src/Illuminate/Routing/Route.php(204): Illuminate\\Routing\\Route->runController()
#15 /var/www/studyAndTests/study-vita/backend-laravel/vendor/laravel/framework/src/Illuminate/Routing/Router.php(725): Illuminate\\Routing\\Route->run()
#16 /var/www/studyAndTests/study-vita/backend-laravel/vendor/laravel/framework/src/Illuminate/Pipeline/Pipeline.php(141): Illuminate\\Routing\\Router->Illuminate\\Routing\\{closure}(Object(Illuminate\\Http\\Request))
#17 /var/www/studyAndTests/study-vita/backend-laravel/vendor/laravel/framework/src/Illuminate/Routing/Middleware/SubstituteBindings.php(50): Illuminate\\Pipeline\\Pipeline->Illuminate\\Pipeline\\{closure}(Object(Illuminate\\Http\\Request))
#18 /var/www/studyAndTests/study-vita/backend-laravel/vendor/laravel/framework/src/Illuminate/Pipeline/Pipeline.php(180): Illuminate\\Routing\\Middleware\\SubstituteBindings->handle(Object(Illuminate\\Http\\Request), Object(Closure))
#19 /var/www/studyAndTests/study-vita/backend-laravel/app/Http/Middleware/Locale.php(21): Illuminate\\Pipeline\\Pipeline->Illuminate\\Pipeline\\{closure}(Object(Illuminate\\Http\\Request))
#20 /var/www/studyAndTests/study-vita/backend-laravel/vendor/laravel/framework/src/Illuminate/Pipeline/Pipeline.php(180): App\\Http\\Middleware\\Locale->handle(Object(Illuminate\\Http\\Request), Object(Closure))
#21 /var/www/studyAndTests/study-vita/backend-laravel/vendor/laravel/framework/src/Illuminate/Routing/Middleware/ThrottleRequests.php(126): Illuminate\\Pipeline\\Pipeline->Illuminate\\Pipeline\\{closure}(Object(Illuminate\\Http\\Request))
#22 /var/www/studyAndTests/study-vita/backend-laravel/vendor/laravel/framework/src/Illuminate/Routing/Middleware/ThrottleRequests.php(102): Illuminate\\Routing\\Middleware\\ThrottleRequests->handleRequest(Object(Illuminate\\Http\\Request), Object(Closure), Array)
#23 /var/www/studyAndTests/study-vita/backend-laravel/vendor/laravel/framework/src/Illuminate/Routing/Middleware/ThrottleRequests.php(54): Illuminate\\Routing\\Middleware\\ThrottleRequests->handleRequestUsingNamedLimiter(Object(Illuminate\\Http\\Request), Object(Closure), 'api', Object(Closure))
#24 /var/www/studyAndTests/study-vita/backend-laravel/vendor/laravel/framework/src/Illuminate/Pipeline/Pipeline.php(180): Illuminate\\Routing\\Middleware\\ThrottleRequests->handle(Object(Illuminate\\Http\\Request), Object(Closure), 'api')
#25 /var/www/studyAndTests/study-vita/backend-laravel/vendor/laravel/framework/src/Illuminate/Pipeline/Pipeline.php(116): Illuminate\\Pipeline\\Pipeline->Illuminate\\Pipeline\\{closure}(Object(Illuminate\\Http\\Request))
#26 /var/www/studyAndTests/study-vita/backend-laravel/vendor/laravel/framework/src/Illuminate/Routing/Router.php(726): Illuminate\\Pipeline\\Pipeline->then(Object(Closure))
#27 /var/www/studyAndTests/study-vita/backend-laravel/vendor/laravel/framework/src/Illuminate/Routing/Router.php(703): Illuminate\\Routing\\Router->runRouteWithinStack(Object(Illuminate\\Routing\\Route), Object(Illuminate\\Http\\Request))
#28 /var/www/studyAndTests/study-vita/backend-laravel/vendor/laravel/framework/src/Illuminate/Routing/Router.php(667): Illuminate\\Routing\\Router->runRoute(Object(Illuminate\\Http\\Request), Object(Illuminate\\Routing\\Route))
#29 /var/www/studyAndTests/study-vita/backend-laravel/vendor/laravel/framework/src/Illuminate/Routing/Router.php(656): Illuminate\\Routing\\Router->dispatchToRoute(Object(Illuminate\\Http\\Request))
#30 /var/www/studyAndTests/study-vita/backend-laravel/vendor/laravel/framework/src/Illuminate/Foundation/Http/Kernel.php(167): Illuminate\\Routing\\Router->dispatch(Object(Illuminate\\Http\\Request))
#31 /var/www/studyAndTests/study-vita/backend-laravel/vendor/laravel/framework/src/Illuminate/Pipeline/Pipeline.php(141): Illuminate\\Foundation\\Http\\Kernel->Illuminate\\Foundation\\Http\\{closure}(Object(Illuminate\\Http\\Request))
#32 /var/www/studyAndTests/study-vita/backend-laravel/vendor/laravel/framework/src/Illuminate/Foundation/Http/Middleware/TransformsRequest.php(21): Illuminate\\Pipeline\\Pipeline->Illuminate\\Pipeline\\{closure}(Object(Illuminate\\Http\\Request))
#33 /var/www/studyAndTests/study-vita/backend-laravel/vendor/laravel/framework/src/Illuminate/Foundation/Http/Middleware/ConvertEmptyStringsToNull.php(31): Illuminate\\Foundation\\Http\\Middleware\\TransformsRequest->handle(Object(Illuminate\\Http\\Request), Object(Closure))
#34 /var/www/studyAndTests/study-vita/backend-laravel/vendor/laravel/framework/src/Illuminate/Pipeline/Pipeline.php(180): Illuminate\\Foundation\\Http\\Middleware\\ConvertEmptyStringsToNull->handle(Object(Illuminate\\Http\\Request), Object(Closure))
#35 /var/www/studyAndTests/study-vita/backend-laravel/vendor/laravel/framework/src/Illuminate/Foundation/Http/Middleware/TransformsRequest.php(21): Illuminate\\Pipeline\\Pipeline->Illuminate\\Pipeline\\{closure}(Object(Illuminate\\Http\\Request))
#36 /var/www/studyAndTests/study-vita/backend-laravel/vendor/laravel/framework/src/Illuminate/Foundation/Http/Middleware/TrimStrings.php(40): Illuminate\\Foundation\\Http\\Middleware\\TransformsRequest->handle(Object(Illuminate\\Http\\Request), Object(Closure))
#37 /var/www/studyAndTests/study-vita/backend-laravel/vendor/laravel/framework/src/Illuminate/Pipeline/Pipeline.php(180): Illuminate\\Foundation\\Http\\Middleware\\TrimStrings->handle(Object(Illuminate\\Http\\Request), Object(Closure))
#38 /var/www/studyAndTests/study-vita/backend-laravel/vendor/laravel/framework/src/Illuminate/Foundation/Http/Middleware/ValidatePostSize.php(27): Illuminate\\Pipeline\\Pipeline->Illuminate\\Pipeline\\{closure}(Object(Illuminate\\Http\\Request))
#39 /var/www/studyAndTests/study-vita/backend-laravel/vendor/laravel/framework/src/Illuminate/Pipeline/Pipeline.php(180): Illuminate\\Foundation\\Http\\Middleware\\ValidatePostSize->handle(Object(Illuminate\\Http\\Request), Object(Closure))
#40 /var/www/studyAndTests/study-vita/backend-laravel/vendor/laravel/framework/src/Illuminate/Foundation/Http/Middleware/PreventRequestsDuringMaintenance.php(86): Illuminate\\Pipeline\\Pipeline->Illuminate\\Pipeline\\{closure}(Object(Illuminate\\Http\\Request))
#41 /var/www/studyAndTests/study-vita/backend-laravel/vendor/laravel/framework/src/Illuminate/Pipeline/Pipeline.php(180): Illuminate\\Foundation\\Http\\Middleware\\PreventRequestsDuringMaintenance->handle(Object(Illuminate\\Http\\Request), Object(Closure))
#42 /var/www/studyAndTests/study-vita/backend-laravel/vendor/laravel/framework/src/Illuminate/Http/Middleware/HandleCors.php(62): Illuminate\\Pipeline\\Pipeline->Illuminate\\Pipeline\\{closure}(Object(Illuminate\\Http\\Request))
#43 /var/www/studyAndTests/study-vita/backend-laravel/vendor/laravel/framework/src/Illuminate/Pipeline/Pipeline.php(180): Illuminate\\Http\\Middleware\\HandleCors->handle(Object(Illuminate\\Http\\Request), Object(Closure))
#44 /var/www/studyAndTests/study-vita/backend-laravel/vendor/laravel/framework/src/Illuminate/Http/Middleware/TrustProxies.php(39): Illuminate\\Pipeline\\Pipeline->Illuminate\\Pipeline\\{closure}(Object(Illuminate\\Http\\Request))
#45 /var/www/studyAndTests/study-vita/backend-laravel/vendor/laravel/framework/src/Illuminate/Pipeline/Pipeline.php(180): Illuminate\\Http\\Middleware\\TrustProxies->handle(Object(Illuminate\\Http\\Request), Object(Closure))
#46 /var/www/studyAndTests/study-vita/backend-laravel/vendor/laravel/framework/src/Illuminate/Pipeline/Pipeline.php(116): Illuminate\\Pipeline\\Pipeline->Illuminate\\Pipeline\\{closure}(Object(Illuminate\\Http\\Request))
#47 /var/www/studyAndTests/study-vita/backend-laravel/vendor/laravel/framework/src/Illuminate/Foundation/Http/Kernel.php(142): Illuminate\\Pipeline\\Pipeline->then(Object(Closure))
#48 /var/www/studyAndTests/study-vita/backend-laravel/vendor/laravel/framework/src/Illuminate/Foundation/Http/Kernel.php(111): Illuminate\\Foundation\\Http\\Kernel->sendRequestThroughRouter(Object(Illuminate\\Http\\Request))
#49 /var/www/studyAndTests/study-vita/backend-laravel/public/index.php(52): Illuminate\\Foundation\\Http\\Kernel->handle(Object(Illuminate\\Http\\Request))
#50 {main}

[previous exception] [object] (PDOException(code: 23000): SQLSTATE[23000]: Integrity constraint violation: 1451 Cannot delete or update a parent row: a foreign key constraint fails (`study_vita`.`opportunity`, CONSTRAINT `opportunity_customer_id_foreign` FOREIGN KEY (`customer_id`) REFERENCES `customer` (`id`)) at /var/www/studyAndTests/study-vita/backend-laravel/vendor/laravel/framework/src/Illuminate/Database/Connection.php:552)
[stacktrace]
#0 /var/www/studyAndTests/study-vita/backend-laravel/vendor/laravel/framework/src/Illuminate/Database/Connection.php(552): PDOStatement->execute()
#1 /var/www/studyAndTests/study-vita/backend-laravel/vendor/laravel/framework/src/Illuminate/Database/Connection.php(735): Illuminate\\Database\\Connection->Illuminate\\Database\\{closure}('delete from `cu...', Array)
#2 /var/www/studyAndTests/study-vita/backend-laravel/vendor/laravel/framework/src/Illuminate/Database/Connection.php(702): Illuminate\\Database\\Connection->runQueryCallback('delete from `cu...', Array, Object(Closure))
#3 /var/www/studyAndTests/study-vita/backend-laravel/vendor/laravel/framework/src/Illuminate/Database/Connection.php(559): Illuminate\\Database\\Connection->run('delete from `cu...', Array, Object(Closure))
#4 /var/www/studyAndTests/study-vita/backend-laravel/vendor/laravel/framework/src/Illuminate/Database/Connection.php(504): Illuminate\\Database\\Connection->affectingStatement('delete from `cu...', Array)
#5 /var/www/studyAndTests/study-vita/backend-laravel/vendor/laravel/framework/src/Illuminate/Database/Query/Builder.php(3434): Illuminate\\Database\\Connection->delete('delete from `cu...', Array)
#6 /var/www/studyAndTests/study-vita/backend-laravel/vendor/laravel/framework/src/Illuminate/Database/Eloquent/Builder.php(1149): Illuminate\\Database\\Query\\Builder->delete()
#7 /var/www/studyAndTests/study-vita/backend-laravel/vendor/laravel/framework/src/Illuminate/Database/Eloquent/Model.php(1341): Illuminate\\Database\\Eloquent\\Builder->delete()
#8 /var/www/studyAndTests/study-vita/backend-laravel/vendor/laravel/framework/src/Illuminate/Database/Eloquent/Model.php(1294): Illuminate\\Database\\Eloquent\\Model->performDeleteOnModel()
#9 /var/www/studyAndTests/study-vita/backend-laravel/app/Repositories/BaseRepository.php(33): Illuminate\\Database\\Eloquent\\Model->delete()
#10 /var/www/studyAndTests/study-vita/backend-laravel/app/Repositories/BaseRepository.php(40): App\\Repositories\\BaseRepository->App\\Repositories\\{closure}(27)
#11 /var/www/studyAndTests/study-vita/backend-laravel/app/Services/Customer/CustomerService.php(22): App\\Repositories\\BaseRepository->destroy(27)
#12 /var/www/studyAndTests/study-vita/backend-laravel/app/Http/Controllers/Api/Customer/CustomerController.php(21): App\\Services\\Customer\\CustomerService->destroy(27)
#13 /var/www/studyAndTests/study-vita/backend-laravel/vendor/laravel/framework/src/Illuminate/Routing/Controller.php(54): App\\Http\\Controllers\\Api\\Customer\\CustomerController->destroy(27)
#14 /var/www/studyAndTests/study-vita/backend-laravel/vendor/laravel/framework/src/Illuminate/Routing/ControllerDispatcher.php(45): Illuminate\\Routing\\Controller->callAction('destroy', Array)
#15 /var/www/studyAndTests/study-vita/backend-laravel/vendor/laravel/framework/src/Illuminate/Routing/Route.php(261): Illuminate\\Routing\\ControllerDispatcher->dispatch(Object(Illuminate\\Routing\\Route), Object(App\\Http\\Controllers\\Api\\Customer\\CustomerController), 'destroy')
#16 /var/www/studyAndTests/study-vita/backend-laravel/vendor/laravel/framework/src/Illuminate/Routing/Route.php(204): Illuminate\\Routing\\Route->runController()
#17 /var/www/studyAndTests/study-vita/backend-laravel/vendor/laravel/framework/src/Illuminate/Routing/Router.php(725): Illuminate\\Routing\\Route->run()
#18 /var/www/studyAndTests/study-vita/backend-laravel/vendor/laravel/framework/src/Illuminate/Pipeline/Pipeline.php(141): Illuminate\\Routing\\Router->Illuminate\\Routing\\{closure}(Object(Illuminate\\Http\\Request))
#19 /var/www/studyAndTests/study-vita/backend-laravel/vendor/laravel/framework/src/Illuminate/Routing/Middleware/SubstituteBindings.php(50): Illuminate\\Pipeline\\Pipeline->Illuminate\\Pipeline\\{closure}(Object(Illuminate\\Http\\Request))
#20 /var/www/studyAndTests/study-vita/backend-laravel/vendor/laravel/framework/src/Illuminate/Pipeline/Pipeline.php(180): Illuminate\\Routing\\Middleware\\SubstituteBindings->handle(Object(Illuminate\\Http\\Request), Object(Closure))
#21 /var/www/studyAndTests/study-vita/backend-laravel/app/Http/Middleware/Locale.php(21): Illuminate\\Pipeline\\Pipeline->Illuminate\\Pipeline\\{closure}(Object(Illuminate\\Http\\Request))
#22 /var/www/studyAndTests/study-vita/backend-laravel/vendor/laravel/framework/src/Illuminate/Pipeline/Pipeline.php(180): App\\Http\\Middleware\\Locale->handle(Object(Illuminate\\Http\\Request), Object(Closure))
#23 /var/www/studyAndTests/study-vita/backend-laravel/vendor/laravel/framework/src/Illuminate/Routing/Middleware/ThrottleRequests.php(126): Illuminate\\Pipeline\\Pipeline->Illuminate\\Pipeline\\{closure}(Object(Illuminate\\Http\\Request))
#24 /var/www/studyAndTests/study-vita/backend-laravel/vendor/laravel/framework/src/Illuminate/Routing/Middleware/ThrottleRequests.php(102): Illuminate\\Routing\\Middleware\\ThrottleRequests->handleRequest(Object(Illuminate\\Http\\Request), Object(Closure), Array)
#25 /var/www/studyAndTests/study-vita/backend-laravel/vendor/laravel/framework/src/Illuminate/Routing/Middleware/ThrottleRequests.php(54): Illuminate\\Routing\\Middleware\\ThrottleRequests->handleRequestUsingNamedLimiter(Object(Illuminate\\Http\\Request), Object(Closure), 'api', Object(Closure))
#26 /var/www/studyAndTests/study-vita/backend-laravel/vendor/laravel/framework/src/Illuminate/Pipeline/Pipeline.php(180): Illuminate\\Routing\\Middleware\\ThrottleRequests->handle(Object(Illuminate\\Http\\Request), Object(Closure), 'api')
#27 /var/www/studyAndTests/study-vita/backend-laravel/vendor/laravel/framework/src/Illuminate/Pipeline/Pipeline.php(116): Illuminate\\Pipeline\\Pipeline->Illuminate\\Pipeline\\{closure}(Object(Illuminate\\Http\\Request))
#28 /var/www/studyAndTests/study-vita/backend-laravel/vendor/laravel/framework/src/Illuminate/Routing/Router.php(726): Illuminate\\Pipeline\\Pipeline->then(Object(Closure))
#29 /var/www/studyAndTests/study-vita/backend-laravel/vendor/laravel/framework/src/Illuminate/Routing/Router.php(703): Illuminate\\Routing\\Router->runRouteWithinStack(Object(Illuminate\\Routing\\Route), Object(Illuminate\\Http\\Request))
#30 /var/www/studyAndTests/study-vita/backend-laravel/vendor/laravel/framework/src/Illuminate/Routing/Router.php(667): Illuminate\\Routing\\Router->runRoute(Object(Illuminate\\Http\\Request), Object(Illuminate\\Routing\\Route))
#31 /var/www/studyAndTests/study-vita/backend-laravel/vendor/laravel/framework/src/Illuminate/Routing/Router.php(656): Illuminate\\Routing\\Router->dispatchToRoute(Object(Illuminate\\Http\\Request))
#32 /var/www/studyAndTests/study-vita/backend-laravel/vendor/laravel/framework/src/Illuminate/Foundation/Http/Kernel.php(167): Illuminate\\Routing\\Router->dispatch(Object(Illuminate\\Http\\Request))
#33 /var/www/studyAndTests/study-vita/backend-laravel/vendor/laravel/framework/src/Illuminate/Pipeline/Pipeline.php(141): Illuminate\\Foundation\\Http\\Kernel->Illuminate\\Foundation\\Http\\{closure}(Object(Illuminate\\Http\\Request))
#34 /var/www/studyAndTests/study-vita/backend-laravel/vendor/laravel/framework/src/Illuminate/Foundation/Http/Middleware/TransformsRequest.php(21): Illuminate\\Pipeline\\Pipeline->Illuminate\\Pipeline\\{closure}(Object(Illuminate\\Http\\Request))
#35 /var/www/studyAndTests/study-vita/backend-laravel/vendor/laravel/framework/src/Illuminate/Foundation/Http/Middleware/ConvertEmptyStringsToNull.php(31): Illuminate\\Foundation\\Http\\Middleware\\TransformsRequest->handle(Object(Illuminate\\Http\\Request), Object(Closure))
#36 /var/www/studyAndTests/study-vita/backend-laravel/vendor/laravel/framework/src/Illuminate/Pipeline/Pipeline.php(180): Illuminate\\Foundation\\Http\\Middleware\\ConvertEmptyStringsToNull->handle(Object(Illuminate\\Http\\Request), Object(Closure))
#37 /var/www/studyAndTests/study-vita/backend-laravel/vendor/laravel/framework/src/Illuminate/Foundation/Http/Middleware/TransformsRequest.php(21): Illuminate\\Pipeline\\Pipeline->Illuminate\\Pipeline\\{closure}(Object(Illuminate\\Http\\Request))
#38 /var/www/studyAndTests/study-vita/backend-laravel/vendor/laravel/framework/src/Illuminate/Foundation/Http/Middleware/TrimStrings.php(40): Illuminate\\Foundation\\Http\\Middleware\\TransformsRequest->handle(Object(Illuminate\\Http\\Request), Object(Closure))
#39 /var/www/studyAndTests/study-vita/backend-laravel/vendor/laravel/framework/src/Illuminate/Pipeline/Pipeline.php(180): Illuminate\\Foundation\\Http\\Middleware\\TrimStrings->handle(Object(Illuminate\\Http\\Request), Object(Closure))
#40 /var/www/studyAndTests/study-vita/backend-laravel/vendor/laravel/framework/src/Illuminate/Foundation/Http/Middleware/ValidatePostSize.php(27): Illuminate\\Pipeline\\Pipeline->Illuminate\\Pipeline\\{closure}(Object(Illuminate\\Http\\Request))
#41 /var/www/studyAndTests/study-vita/backend-laravel/vendor/laravel/framework/src/Illuminate/Pipeline/Pipeline.php(180): Illuminate\\Foundation\\Http\\Middleware\\ValidatePostSize->handle(Object(Illuminate\\Http\\Request), Object(Closure))
#42 /var/www/studyAndTests/study-vita/backend-laravel/vendor/laravel/framework/src/Illuminate/Foundation/Http/Middleware/PreventRequestsDuringMaintenance.php(86): Illuminate\\Pipeline\\Pipeline->Illuminate\\Pipeline\\{closure}(Object(Illuminate\\Http\\Request))
#43 /var/www/studyAndTests/study-vita/backend-laravel/vendor/laravel/framework/src/Illuminate/Pipeline/Pipeline.php(180): Illuminate\\Foundation\\Http\\Middleware\\PreventRequestsDuringMaintenance->handle(Object(Illuminate\\Http\\Request), Object(Closure))
#44 /var/www/studyAndTests/study-vita/backend-laravel/vendor/laravel/framework/src/Illuminate/Http/Middleware/HandleCors.php(62): Illuminate\\Pipeline\\Pipeline->Illuminate\\Pipeline\\{closure}(Object(Illuminate\\Http\\Request))
#45 /var/www/studyAndTests/study-vita/backend-laravel/vendor/laravel/framework/src/Illuminate/Pipeline/Pipeline.php(180): Illuminate\\Http\\Middleware\\HandleCors->handle(Object(Illuminate\\Http\\Request), Object(Closure))
#46 /var/www/studyAndTests/study-vita/backend-laravel/vendor/laravel/framework/src/Illuminate/Http/Middleware/TrustProxies.php(39): Illuminate\\Pipeline\\Pipeline->Illuminate\\Pipeline\\{closure}(Object(Illuminate\\Http\\Request))
#47 /var/www/studyAndTests/study-vita/backend-laravel/vendor/laravel/framework/src/Illuminate/Pipeline/Pipeline.php(180): Illuminate\\Http\\Middleware\\TrustProxies->handle(Object(Illuminate\\Http\\Request), Object(Closure))
#48 /var/www/studyAndTests/study-vita/backend-laravel/vendor/laravel/framework/src/Illuminate/Pipeline/Pipeline.php(116): Illuminate\\Pipeline\\Pipeline->Illuminate\\Pipeline\\{closure}(Object(Illuminate\\Http\\Request))
#49 /var/www/studyAndTests/study-vita/backend-laravel/vendor/laravel/framework/src/Illuminate/Foundation/Http/Kernel.php(142): Illuminate\\Pipeline\\Pipeline->then(Object(Closure))
#50 /var/www/studyAndTests/study-vita/backend-laravel/vendor/laravel/framework/src/Illuminate/Foundation/Http/Kernel.php(111): Illuminate\\Foundation\\Http\\Kernel->sendRequestThroughRouter(Object(Illuminate\\Http\\Request))
#51 /var/www/studyAndTests/study-vita/backend-laravel/public/index.php(52): Illuminate\\Foundation\\Http\\Kernel->handle(Object(Illuminate\\Http\\Request))
#52 {main}
"} 
[2022-05-22 10:42:45] local.ERROR: SQLSTATE[23000]: Integrity constraint violation: 1451 Cannot delete or update a parent row: a foreign key constraint fails (`study_vita`.`opportunity`, CONSTRAINT `opportunity_customer_id_foreign` FOREIGN KEY (`customer_id`) REFERENCES `customer` (`id`)) (SQL: delete from `customer` where `id` = 47) {"exception":"[object] (Illuminate\\Database\\QueryException(code: 23000): SQLSTATE[23000]: Integrity constraint violation: 1451 Cannot delete or update a parent row: a foreign key constraint fails (`study_vita`.`opportunity`, CONSTRAINT `opportunity_customer_id_foreign` FOREIGN KEY (`customer_id`) REFERENCES `customer` (`id`)) (SQL: delete from `customer` where `id` = 47) at /var/www/studyAndTests/study-vita/backend-laravel/vendor/laravel/framework/src/Illuminate/Database/Connection.php:742)
[stacktrace]
#0 /var/www/studyAndTests/study-vita/backend-laravel/vendor/laravel/framework/src/Illuminate/Database/Connection.php(702): Illuminate\\Database\\Connection->runQueryCallback('delete from `cu...', Array, Object(Closure))
#1 /var/www/studyAndTests/study-vita/backend-laravel/vendor/laravel/framework/src/Illuminate/Database/Connection.php(559): Illuminate\\Database\\Connection->run('delete from `cu...', Array, Object(Closure))
#2 /var/www/studyAndTests/study-vita/backend-laravel/vendor/laravel/framework/src/Illuminate/Database/Connection.php(504): Illuminate\\Database\\Connection->affectingStatement('delete from `cu...', Array)
#3 /var/www/studyAndTests/study-vita/backend-laravel/vendor/laravel/framework/src/Illuminate/Database/Query/Builder.php(3434): Illuminate\\Database\\Connection->delete('delete from `cu...', Array)
#4 /var/www/studyAndTests/study-vita/backend-laravel/vendor/laravel/framework/src/Illuminate/Database/Eloquent/Builder.php(1149): Illuminate\\Database\\Query\\Builder->delete()
#5 /var/www/studyAndTests/study-vita/backend-laravel/vendor/laravel/framework/src/Illuminate/Database/Eloquent/Model.php(1341): Illuminate\\Database\\Eloquent\\Builder->delete()
#6 /var/www/studyAndTests/study-vita/backend-laravel/vendor/laravel/framework/src/Illuminate/Database/Eloquent/Model.php(1294): Illuminate\\Database\\Eloquent\\Model->performDeleteOnModel()
#7 /var/www/studyAndTests/study-vita/backend-laravel/app/Repositories/BaseRepository.php(33): Illuminate\\Database\\Eloquent\\Model->delete()
#8 /var/www/studyAndTests/study-vita/backend-laravel/app/Repositories/BaseRepository.php(40): App\\Repositories\\BaseRepository->App\\Repositories\\{closure}(47)
#9 /var/www/studyAndTests/study-vita/backend-laravel/app/Services/Customer/CustomerService.php(22): App\\Repositories\\BaseRepository->destroy(47)
#10 /var/www/studyAndTests/study-vita/backend-laravel/app/Http/Controllers/Api/Customer/CustomerController.php(21): App\\Services\\Customer\\CustomerService->destroy(47)
#11 /var/www/studyAndTests/study-vita/backend-laravel/vendor/laravel/framework/src/Illuminate/Routing/Controller.php(54): App\\Http\\Controllers\\Api\\Customer\\CustomerController->destroy(47)
#12 /var/www/studyAndTests/study-vita/backend-laravel/vendor/laravel/framework/src/Illuminate/Routing/ControllerDispatcher.php(45): Illuminate\\Routing\\Controller->callAction('destroy', Array)
#13 /var/www/studyAndTests/study-vita/backend-laravel/vendor/laravel/framework/src/Illuminate/Routing/Route.php(261): Illuminate\\Routing\\ControllerDispatcher->dispatch(Object(Illuminate\\Routing\\Route), Object(App\\Http\\Controllers\\Api\\Customer\\CustomerController), 'destroy')
#14 /var/www/studyAndTests/study-vita/backend-laravel/vendor/laravel/framework/src/Illuminate/Routing/Route.php(204): Illuminate\\Routing\\Route->runController()
#15 /var/www/studyAndTests/study-vita/backend-laravel/vendor/laravel/framework/src/Illuminate/Routing/Router.php(725): Illuminate\\Routing\\Route->run()
#16 /var/www/studyAndTests/study-vita/backend-laravel/vendor/laravel/framework/src/Illuminate/Pipeline/Pipeline.php(141): Illuminate\\Routing\\Router->Illuminate\\Routing\\{closure}(Object(Illuminate\\Http\\Request))
#17 /var/www/studyAndTests/study-vita/backend-laravel/vendor/laravel/framework/src/Illuminate/Routing/Middleware/SubstituteBindings.php(50): Illuminate\\Pipeline\\Pipeline->Illuminate\\Pipeline\\{closure}(Object(Illuminate\\Http\\Request))
#18 /var/www/studyAndTests/study-vita/backend-laravel/vendor/laravel/framework/src/Illuminate/Pipeline/Pipeline.php(180): Illuminate\\Routing\\Middleware\\SubstituteBindings->handle(Object(Illuminate\\Http\\Request), Object(Closure))
#19 /var/www/studyAndTests/study-vita/backend-laravel/app/Http/Middleware/Locale.php(21): Illuminate\\Pipeline\\Pipeline->Illuminate\\Pipeline\\{closure}(Object(Illuminate\\Http\\Request))
#20 /var/www/studyAndTests/study-vita/backend-laravel/vendor/laravel/framework/src/Illuminate/Pipeline/Pipeline.php(180): App\\Http\\Middleware\\Locale->handle(Object(Illuminate\\Http\\Request), Object(Closure))
#21 /var/www/studyAndTests/study-vita/backend-laravel/vendor/laravel/framework/src/Illuminate/Routing/Middleware/ThrottleRequests.php(126): Illuminate\\Pipeline\\Pipeline->Illuminate\\Pipeline\\{closure}(Object(Illuminate\\Http\\Request))
#22 /var/www/studyAndTests/study-vita/backend-laravel/vendor/laravel/framework/src/Illuminate/Routing/Middleware/ThrottleRequests.php(102): Illuminate\\Routing\\Middleware\\ThrottleRequests->handleRequest(Object(Illuminate\\Http\\Request), Object(Closure), Array)
#23 /var/www/studyAndTests/study-vita/backend-laravel/vendor/laravel/framework/src/Illuminate/Routing/Middleware/ThrottleRequests.php(54): Illuminate\\Routing\\Middleware\\ThrottleRequests->handleRequestUsingNamedLimiter(Object(Illuminate\\Http\\Request), Object(Closure), 'api', Object(Closure))
#24 /var/www/studyAndTests/study-vita/backend-laravel/vendor/laravel/framework/src/Illuminate/Pipeline/Pipeline.php(180): Illuminate\\Routing\\Middleware\\ThrottleRequests->handle(Object(Illuminate\\Http\\Request), Object(Closure), 'api')
#25 /var/www/studyAndTests/study-vita/backend-laravel/vendor/laravel/framework/src/Illuminate/Pipeline/Pipeline.php(116): Illuminate\\Pipeline\\Pipeline->Illuminate\\Pipeline\\{closure}(Object(Illuminate\\Http\\Request))
#26 /var/www/studyAndTests/study-vita/backend-laravel/vendor/laravel/framework/src/Illuminate/Routing/Router.php(726): Illuminate\\Pipeline\\Pipeline->then(Object(Closure))
#27 /var/www/studyAndTests/study-vita/backend-laravel/vendor/laravel/framework/src/Illuminate/Routing/Router.php(703): Illuminate\\Routing\\Router->runRouteWithinStack(Object(Illuminate\\Routing\\Route), Object(Illuminate\\Http\\Request))
#28 /var/www/studyAndTests/study-vita/backend-laravel/vendor/laravel/framework/src/Illuminate/Routing/Router.php(667): Illuminate\\Routing\\Router->runRoute(Object(Illuminate\\Http\\Request), Object(Illuminate\\Routing\\Route))
#29 /var/www/studyAndTests/study-vita/backend-laravel/vendor/laravel/framework/src/Illuminate/Routing/Router.php(656): Illuminate\\Routing\\Router->dispatchToRoute(Object(Illuminate\\Http\\Request))
#30 /var/www/studyAndTests/study-vita/backend-laravel/vendor/laravel/framework/src/Illuminate/Foundation/Http/Kernel.php(167): Illuminate\\Routing\\Router->dispatch(Object(Illuminate\\Http\\Request))
#31 /var/www/studyAndTests/study-vita/backend-laravel/vendor/laravel/framework/src/Illuminate/Pipeline/Pipeline.php(141): Illuminate\\Foundation\\Http\\Kernel->Illuminate\\Foundation\\Http\\{closure}(Object(Illuminate\\Http\\Request))
#32 /var/www/studyAndTests/study-vita/backend-laravel/vendor/laravel/framework/src/Illuminate/Foundation/Http/Middleware/TransformsRequest.php(21): Illuminate\\Pipeline\\Pipeline->Illuminate\\Pipeline\\{closure}(Object(Illuminate\\Http\\Request))
#33 /var/www/studyAndTests/study-vita/backend-laravel/vendor/laravel/framework/src/Illuminate/Foundation/Http/Middleware/ConvertEmptyStringsToNull.php(31): Illuminate\\Foundation\\Http\\Middleware\\TransformsRequest->handle(Object(Illuminate\\Http\\Request), Object(Closure))
#34 /var/www/studyAndTests/study-vita/backend-laravel/vendor/laravel/framework/src/Illuminate/Pipeline/Pipeline.php(180): Illuminate\\Foundation\\Http\\Middleware\\ConvertEmptyStringsToNull->handle(Object(Illuminate\\Http\\Request), Object(Closure))
#35 /var/www/studyAndTests/study-vita/backend-laravel/vendor/laravel/framework/src/Illuminate/Foundation/Http/Middleware/TransformsRequest.php(21): Illuminate\\Pipeline\\Pipeline->Illuminate\\Pipeline\\{closure}(Object(Illuminate\\Http\\Request))
#36 /var/www/studyAndTests/study-vita/backend-laravel/vendor/laravel/framework/src/Illuminate/Foundation/Http/Middleware/TrimStrings.php(40): Illuminate\\Foundation\\Http\\Middleware\\TransformsRequest->handle(Object(Illuminate\\Http\\Request), Object(Closure))
#37 /var/www/studyAndTests/study-vita/backend-laravel/vendor/laravel/framework/src/Illuminate/Pipeline/Pipeline.php(180): Illuminate\\Foundation\\Http\\Middleware\\TrimStrings->handle(Object(Illuminate\\Http\\Request), Object(Closure))
#38 /var/www/studyAndTests/study-vita/backend-laravel/vendor/laravel/framework/src/Illuminate/Foundation/Http/Middleware/ValidatePostSize.php(27): Illuminate\\Pipeline\\Pipeline->Illuminate\\Pipeline\\{closure}(Object(Illuminate\\Http\\Request))
#39 /var/www/studyAndTests/study-vita/backend-laravel/vendor/laravel/framework/src/Illuminate/Pipeline/Pipeline.php(180): Illuminate\\Foundation\\Http\\Middleware\\ValidatePostSize->handle(Object(Illuminate\\Http\\Request), Object(Closure))
#40 /var/www/studyAndTests/study-vita/backend-laravel/vendor/laravel/framework/src/Illuminate/Foundation/Http/Middleware/PreventRequestsDuringMaintenance.php(86): Illuminate\\Pipeline\\Pipeline->Illuminate\\Pipeline\\{closure}(Object(Illuminate\\Http\\Request))
#41 /var/www/studyAndTests/study-vita/backend-laravel/vendor/laravel/framework/src/Illuminate/Pipeline/Pipeline.php(180): Illuminate\\Foundation\\Http\\Middleware\\PreventRequestsDuringMaintenance->handle(Object(Illuminate\\Http\\Request), Object(Closure))
#42 /var/www/studyAndTests/study-vita/backend-laravel/vendor/laravel/framework/src/Illuminate/Http/Middleware/HandleCors.php(62): Illuminate\\Pipeline\\Pipeline->Illuminate\\Pipeline\\{closure}(Object(Illuminate\\Http\\Request))
#43 /var/www/studyAndTests/study-vita/backend-laravel/vendor/laravel/framework/src/Illuminate/Pipeline/Pipeline.php(180): Illuminate\\Http\\Middleware\\HandleCors->handle(Object(Illuminate\\Http\\Request), Object(Closure))
#44 /var/www/studyAndTests/study-vita/backend-laravel/vendor/laravel/framework/src/Illuminate/Http/Middleware/TrustProxies.php(39): Illuminate\\Pipeline\\Pipeline->Illuminate\\Pipeline\\{closure}(Object(Illuminate\\Http\\Request))
#45 /var/www/studyAndTests/study-vita/backend-laravel/vendor/laravel/framework/src/Illuminate/Pipeline/Pipeline.php(180): Illuminate\\Http\\Middleware\\TrustProxies->handle(Object(Illuminate\\Http\\Request), Object(Closure))
#46 /var/www/studyAndTests/study-vita/backend-laravel/vendor/laravel/framework/src/Illuminate/Pipeline/Pipeline.php(116): Illuminate\\Pipeline\\Pipeline->Illuminate\\Pipeline\\{closure}(Object(Illuminate\\Http\\Request))
#47 /var/www/studyAndTests/study-vita/backend-laravel/vendor/laravel/framework/src/Illuminate/Foundation/Http/Kernel.php(142): Illuminate\\Pipeline\\Pipeline->then(Object(Closure))
#48 /var/www/studyAndTests/study-vita/backend-laravel/vendor/laravel/framework/src/Illuminate/Foundation/Http/Kernel.php(111): Illuminate\\Foundation\\Http\\Kernel->sendRequestThroughRouter(Object(Illuminate\\Http\\Request))
#49 /var/www/studyAndTests/study-vita/backend-laravel/public/index.php(52): Illuminate\\Foundation\\Http\\Kernel->handle(Object(Illuminate\\Http\\Request))
#50 {main}

[previous exception] [object] (PDOException(code: 23000): SQLSTATE[23000]: Integrity constraint violation: 1451 Cannot delete or update a parent row: a foreign key constraint fails (`study_vita`.`opportunity`, CONSTRAINT `opportunity_customer_id_foreign` FOREIGN KEY (`customer_id`) REFERENCES `customer` (`id`)) at /var/www/studyAndTests/study-vita/backend-laravel/vendor/laravel/framework/src/Illuminate/Database/Connection.php:552)
[stacktrace]
#0 /var/www/studyAndTests/study-vita/backend-laravel/vendor/laravel/framework/src/Illuminate/Database/Connection.php(552): PDOStatement->execute()
#1 /var/www/studyAndTests/study-vita/backend-laravel/vendor/laravel/framework/src/Illuminate/Database/Connection.php(735): Illuminate\\Database\\Connection->Illuminate\\Database\\{closure}('delete from `cu...', Array)
#2 /var/www/studyAndTests/study-vita/backend-laravel/vendor/laravel/framework/src/Illuminate/Database/Connection.php(702): Illuminate\\Database\\Connection->runQueryCallback('delete from `cu...', Array, Object(Closure))
#3 /var/www/studyAndTests/study-vita/backend-laravel/vendor/laravel/framework/src/Illuminate/Database/Connection.php(559): Illuminate\\Database\\Connection->run('delete from `cu...', Array, Object(Closure))
#4 /var/www/studyAndTests/study-vita/backend-laravel/vendor/laravel/framework/src/Illuminate/Database/Connection.php(504): Illuminate\\Database\\Connection->affectingStatement('delete from `cu...', Array)
#5 /var/www/studyAndTests/study-vita/backend-laravel/vendor/laravel/framework/src/Illuminate/Database/Query/Builder.php(3434): Illuminate\\Database\\Connection->delete('delete from `cu...', Array)
#6 /var/www/studyAndTests/study-vita/backend-laravel/vendor/laravel/framework/src/Illuminate/Database/Eloquent/Builder.php(1149): Illuminate\\Database\\Query\\Builder->delete()
#7 /var/www/studyAndTests/study-vita/backend-laravel/vendor/laravel/framework/src/Illuminate/Database/Eloquent/Model.php(1341): Illuminate\\Database\\Eloquent\\Builder->delete()
#8 /var/www/studyAndTests/study-vita/backend-laravel/vendor/laravel/framework/src/Illuminate/Database/Eloquent/Model.php(1294): Illuminate\\Database\\Eloquent\\Model->performDeleteOnModel()
#9 /var/www/studyAndTests/study-vita/backend-laravel/app/Repositories/BaseRepository.php(33): Illuminate\\Database\\Eloquent\\Model->delete()
#10 /var/www/studyAndTests/study-vita/backend-laravel/app/Repositories/BaseRepository.php(40): App\\Repositories\\BaseRepository->App\\Repositories\\{closure}(47)
#11 /var/www/studyAndTests/study-vita/backend-laravel/app/Services/Customer/CustomerService.php(22): App\\Repositories\\BaseRepository->destroy(47)
#12 /var/www/studyAndTests/study-vita/backend-laravel/app/Http/Controllers/Api/Customer/CustomerController.php(21): App\\Services\\Customer\\CustomerService->destroy(47)
#13 /var/www/studyAndTests/study-vita/backend-laravel/vendor/laravel/framework/src/Illuminate/Routing/Controller.php(54): App\\Http\\Controllers\\Api\\Customer\\CustomerController->destroy(47)
#14 /var/www/studyAndTests/study-vita/backend-laravel/vendor/laravel/framework/src/Illuminate/Routing/ControllerDispatcher.php(45): Illuminate\\Routing\\Controller->callAction('destroy', Array)
#15 /var/www/studyAndTests/study-vita/backend-laravel/vendor/laravel/framework/src/Illuminate/Routing/Route.php(261): Illuminate\\Routing\\ControllerDispatcher->dispatch(Object(Illuminate\\Routing\\Route), Object(App\\Http\\Controllers\\Api\\Customer\\CustomerController), 'destroy')
#16 /var/www/studyAndTests/study-vita/backend-laravel/vendor/laravel/framework/src/Illuminate/Routing/Route.php(204): Illuminate\\Routing\\Route->runController()
#17 /var/www/studyAndTests/study-vita/backend-laravel/vendor/laravel/framework/src/Illuminate/Routing/Router.php(725): Illuminate\\Routing\\Route->run()
#18 /var/www/studyAndTests/study-vita/backend-laravel/vendor/laravel/framework/src/Illuminate/Pipeline/Pipeline.php(141): Illuminate\\Routing\\Router->Illuminate\\Routing\\{closure}(Object(Illuminate\\Http\\Request))
#19 /var/www/studyAndTests/study-vita/backend-laravel/vendor/laravel/framework/src/Illuminate/Routing/Middleware/SubstituteBindings.php(50): Illuminate\\Pipeline\\Pipeline->Illuminate\\Pipeline\\{closure}(Object(Illuminate\\Http\\Request))
#20 /var/www/studyAndTests/study-vita/backend-laravel/vendor/laravel/framework/src/Illuminate/Pipeline/Pipeline.php(180): Illuminate\\Routing\\Middleware\\SubstituteBindings->handle(Object(Illuminate\\Http\\Request), Object(Closure))
#21 /var/www/studyAndTests/study-vita/backend-laravel/app/Http/Middleware/Locale.php(21): Illuminate\\Pipeline\\Pipeline->Illuminate\\Pipeline\\{closure}(Object(Illuminate\\Http\\Request))
#22 /var/www/studyAndTests/study-vita/backend-laravel/vendor/laravel/framework/src/Illuminate/Pipeline/Pipeline.php(180): App\\Http\\Middleware\\Locale->handle(Object(Illuminate\\Http\\Request), Object(Closure))
#23 /var/www/studyAndTests/study-vita/backend-laravel/vendor/laravel/framework/src/Illuminate/Routing/Middleware/ThrottleRequests.php(126): Illuminate\\Pipeline\\Pipeline->Illuminate\\Pipeline\\{closure}(Object(Illuminate\\Http\\Request))
#24 /var/www/studyAndTests/study-vita/backend-laravel/vendor/laravel/framework/src/Illuminate/Routing/Middleware/ThrottleRequests.php(102): Illuminate\\Routing\\Middleware\\ThrottleRequests->handleRequest(Object(Illuminate\\Http\\Request), Object(Closure), Array)
#25 /var/www/studyAndTests/study-vita/backend-laravel/vendor/laravel/framework/src/Illuminate/Routing/Middleware/ThrottleRequests.php(54): Illuminate\\Routing\\Middleware\\ThrottleRequests->handleRequestUsingNamedLimiter(Object(Illuminate\\Http\\Request), Object(Closure), 'api', Object(Closure))
#26 /var/www/studyAndTests/study-vita/backend-laravel/vendor/laravel/framework/src/Illuminate/Pipeline/Pipeline.php(180): Illuminate\\Routing\\Middleware\\ThrottleRequests->handle(Object(Illuminate\\Http\\Request), Object(Closure), 'api')
#27 /var/www/studyAndTests/study-vita/backend-laravel/vendor/laravel/framework/src/Illuminate/Pipeline/Pipeline.php(116): Illuminate\\Pipeline\\Pipeline->Illuminate\\Pipeline\\{closure}(Object(Illuminate\\Http\\Request))
#28 /var/www/studyAndTests/study-vita/backend-laravel/vendor/laravel/framework/src/Illuminate/Routing/Router.php(726): Illuminate\\Pipeline\\Pipeline->then(Object(Closure))
#29 /var/www/studyAndTests/study-vita/backend-laravel/vendor/laravel/framework/src/Illuminate/Routing/Router.php(703): Illuminate\\Routing\\Router->runRouteWithinStack(Object(Illuminate\\Routing\\Route), Object(Illuminate\\Http\\Request))
#30 /var/www/studyAndTests/study-vita/backend-laravel/vendor/laravel/framework/src/Illuminate/Routing/Router.php(667): Illuminate\\Routing\\Router->runRoute(Object(Illuminate\\Http\\Request), Object(Illuminate\\Routing\\Route))
#31 /var/www/studyAndTests/study-vita/backend-laravel/vendor/laravel/framework/src/Illuminate/Routing/Router.php(656): Illuminate\\Routing\\Router->dispatchToRoute(Object(Illuminate\\Http\\Request))
#32 /var/www/studyAndTests/study-vita/backend-laravel/vendor/laravel/framework/src/Illuminate/Foundation/Http/Kernel.php(167): Illuminate\\Routing\\Router->dispatch(Object(Illuminate\\Http\\Request))
#33 /var/www/studyAndTests/study-vita/backend-laravel/vendor/laravel/framework/src/Illuminate/Pipeline/Pipeline.php(141): Illuminate\\Foundation\\Http\\Kernel->Illuminate\\Foundation\\Http\\{closure}(Object(Illuminate\\Http\\Request))
#34 /var/www/studyAndTests/study-vita/backend-laravel/vendor/laravel/framework/src/Illuminate/Foundation/Http/Middleware/TransformsRequest.php(21): Illuminate\\Pipeline\\Pipeline->Illuminate\\Pipeline\\{closure}(Object(Illuminate\\Http\\Request))
#35 /var/www/studyAndTests/study-vita/backend-laravel/vendor/laravel/framework/src/Illuminate/Foundation/Http/Middleware/ConvertEmptyStringsToNull.php(31): Illuminate\\Foundation\\Http\\Middleware\\TransformsRequest->handle(Object(Illuminate\\Http\\Request), Object(Closure))
#36 /var/www/studyAndTests/study-vita/backend-laravel/vendor/laravel/framework/src/Illuminate/Pipeline/Pipeline.php(180): Illuminate\\Foundation\\Http\\Middleware\\ConvertEmptyStringsToNull->handle(Object(Illuminate\\Http\\Request), Object(Closure))
#37 /var/www/studyAndTests/study-vita/backend-laravel/vendor/laravel/framework/src/Illuminate/Foundation/Http/Middleware/TransformsRequest.php(21): Illuminate\\Pipeline\\Pipeline->Illuminate\\Pipeline\\{closure}(Object(Illuminate\\Http\\Request))
#38 /var/www/studyAndTests/study-vita/backend-laravel/vendor/laravel/framework/src/Illuminate/Foundation/Http/Middleware/TrimStrings.php(40): Illuminate\\Foundation\\Http\\Middleware\\TransformsRequest->handle(Object(Illuminate\\Http\\Request), Object(Closure))
#39 /var/www/studyAndTests/study-vita/backend-laravel/vendor/laravel/framework/src/Illuminate/Pipeline/Pipeline.php(180): Illuminate\\Foundation\\Http\\Middleware\\TrimStrings->handle(Object(Illuminate\\Http\\Request), Object(Closure))
#40 /var/www/studyAndTests/study-vita/backend-laravel/vendor/laravel/framework/src/Illuminate/Foundation/Http/Middleware/ValidatePostSize.php(27): Illuminate\\Pipeline\\Pipeline->Illuminate\\Pipeline\\{closure}(Object(Illuminate\\Http\\Request))
#41 /var/www/studyAndTests/study-vita/backend-laravel/vendor/laravel/framework/src/Illuminate/Pipeline/Pipeline.php(180): Illuminate\\Foundation\\Http\\Middleware\\ValidatePostSize->handle(Object(Illuminate\\Http\\Request), Object(Closure))
#42 /var/www/studyAndTests/study-vita/backend-laravel/vendor/laravel/framework/src/Illuminate/Foundation/Http/Middleware/PreventRequestsDuringMaintenance.php(86): Illuminate\\Pipeline\\Pipeline->Illuminate\\Pipeline\\{closure}(Object(Illuminate\\Http\\Request))
#43 /var/www/studyAndTests/study-vita/backend-laravel/vendor/laravel/framework/src/Illuminate/Pipeline/Pipeline.php(180): Illuminate\\Foundation\\Http\\Middleware\\PreventRequestsDuringMaintenance->handle(Object(Illuminate\\Http\\Request), Object(Closure))
#44 /var/www/studyAndTests/study-vita/backend-laravel/vendor/laravel/framework/src/Illuminate/Http/Middleware/HandleCors.php(62): Illuminate\\Pipeline\\Pipeline->Illuminate\\Pipeline\\{closure}(Object(Illuminate\\Http\\Request))
#45 /var/www/studyAndTests/study-vita/backend-laravel/vendor/laravel/framework/src/Illuminate/Pipeline/Pipeline.php(180): Illuminate\\Http\\Middleware\\HandleCors->handle(Object(Illuminate\\Http\\Request), Object(Closure))
#46 /var/www/studyAndTests/study-vita/backend-laravel/vendor/laravel/framework/src/Illuminate/Http/Middleware/TrustProxies.php(39): Illuminate\\Pipeline\\Pipeline->Illuminate\\Pipeline\\{closure}(Object(Illuminate\\Http\\Request))
#47 /var/www/studyAndTests/study-vita/backend-laravel/vendor/laravel/framework/src/Illuminate/Pipeline/Pipeline.php(180): Illuminate\\Http\\Middleware\\TrustProxies->handle(Object(Illuminate\\Http\\Request), Object(Closure))
#48 /var/www/studyAndTests/study-vita/backend-laravel/vendor/laravel/framework/src/Illuminate/Pipeline/Pipeline.php(116): Illuminate\\Pipeline\\Pipeline->Illuminate\\Pipeline\\{closure}(Object(Illuminate\\Http\\Request))
#49 /var/www/studyAndTests/study-vita/backend-laravel/vendor/laravel/framework/src/Illuminate/Foundation/Http/Kernel.php(142): Illuminate\\Pipeline\\Pipeline->then(Object(Closure))
#50 /var/www/studyAndTests/study-vita/backend-laravel/vendor/laravel/framework/src/Illuminate/Foundation/Http/Kernel.php(111): Illuminate\\Foundation\\Http\\Kernel->sendRequestThroughRouter(Object(Illuminate\\Http\\Request))
#51 /var/www/studyAndTests/study-vita/backend-laravel/public/index.php(52): Illuminate\\Foundation\\Http\\Kernel->handle(Object(Illuminate\\Http\\Request))
#52 {main}
"} 
